#       step         max_devi_v         min_devi_v         avg_devi_v         max_devi_f         min_devi_f         avg_devi_f
           0       6.141403e-03       6.360340e-07       3.476040e-03       6.160679e-03       1.564173e-03       3.614160e-03
        1000       3.983807e-03       3.534347e-04       2.002133e-03       2.265209e-02       5.212460e-03       1.369438e-02
        2000       4.729147e-03       3.986826e-04       2.127513e-03       1.862923e-02       5.243879e-03       1.081513e-02
        3000       6.839780e-03       2.654651e-04       3.016102e-03       2.869552e-02       5.306404e-03       1.235991e-02
        4000       5.173919e-03       2.964400e-04       2.592851e-03       2.141260e-02       6.056585e-03       1.244628e-02
        5000       5.476600e-03       5.361759e-04       3.041601e-03       1.743535e-02       6.056910e-03       1.097975e-02
        6000       5.396078e-03       4.195968e-04       2.609621e-03       2.354833e-02       6.690331e-03       1.271506e-02
        7000       5.265156e-03       3.594357e-04       2.651979e-03       2.232708e-02       4.986274e-03       1.285434e-02
        8000       5.832789e-03       2.837008e-04       2.539235e-03       2.126290e-02       7.645343e-03       1.438989e-02
        9000       4.704955e-03       3.025186e-04       2.369950e-03       1.988743e-02       3.910999e-03       1.203693e-02
       10000       4.400716e-03       3.215811e-04       2.441603e-03       2.275697e-02       6.632883e-03       1.201848e-02
       11000       4.930958e-03       7.349266e-04       2.517546e-03       2.166988e-02       4.748425e-03       1.294362e-02
       12000       5.201365e-03       3.826711e-04       2.473655e-03       3.174048e-02       6.617169e-03       1.305402e-02
       13000       5.175413e-03       5.749160e-04       2.591320e-03       1.761570e-02       4.741326e-03       1.138982e-02
       14000       4.744896e-03       6.553067e-04       2.556982e-03       1.828588e-02       5.352511e-03       1.121799e-02
       15000       4.385168e-03       2.889352e-04       2.389439e-03       2.175750e-02       4.397498e-03       1.117234e-02
       16000       4.689013e-03       5.068107e-04       2.726271e-03       1.893661e-02       3.800010e-03       1.191329e-02
       17000       3.890229e-03       7.486666e-04       2.331315e-03       2.314687e-02       5.853264e-03       1.252702e-02
       18000       4.791810e-03       6.655313e-04       2.631094e-03       2.103801e-02       6.664652e-03       1.223759e-02
       19000       4.337286e-03       2.553526e-04       2.246367e-03       1.875933e-02       4.454227e-03       1.080209e-02
       20000       3.491143e-03       5.120120e-04       2.096013e-03       2.046370e-02       5.939592e-03       1.241296e-02
       21000       6.759385e-03       2.159833e-04       3.397640e-03       2.131650e-02       5.957415e-03       1.151002e-02
       22000       4.726561e-03       4.356293e-04       2.551711e-03       1.827219e-02       6.351850e-03       1.166834e-02
       23000       4.753439e-03       3.953516e-04       2.696238e-03       1.986576e-02       5.290632e-03       1.135791e-02
       24000       3.891923e-03       2.740563e-04       1.939534e-03       2.301653e-02       5.357594e-03       1.255530e-02
       25000       5.039302e-03       3.459164e-04       2.736476e-03       2.005011e-02       4.396671e-03       1.155297e-02
       26000       6.838315e-03       2.170146e-04       3.223746e-03       2.087169e-02       5.596577e-03       1.182263e-02
       27000       4.813515e-03       3.451009e-04       2.472391e-03       2.253048e-02       4.057324e-03       1.159257e-02
       28000       4.023651e-03       5.702049e-04       2.358393e-03       2.348967e-02       4.434174e-03       1.040514e-02
       29000       5.350403e-03       3.423199e-04       2.576352e-03       1.830711e-02       4.321407e-03       1.104393e-02
       30000       3.889592e-03       3.727412e-04       2.167068e-03       2.246647e-02       5.886002e-03       1.220500e-02
       31000       5.075925e-03       4.111241e-04       2.638135e-03       2.472318e-02       5.646062e-03       1.260331e-02
       32000       4.552704e-03       7.008895e-04       2.546160e-03       2.393522e-02       4.235995e-03       1.203825e-02
       33000       5.202812e-03       2.357130e-04       2.775402e-03       1.891822e-02       5.132352e-03       1.068033e-02
       34000       4.281852e-03       2.125041e-04       2.254624e-03       2.046973e-02       5.141615e-03       1.173750e-02
       35000       5.593115e-03       2.342835e-04       2.506369e-03       1.808497e-02       5.408648e-03       1.189432e-02
       36000       4.054486e-03       7.934149e-04       2.391564e-03       2.294988e-02       4.395284e-03       1.155833e-02
       37000       4.903640e-03       6.445213e-04       2.764508e-03       2.018064e-02       5.638468e-03       1.125825e-02
       38000       6.440088e-03       3.702930e-04       3.646333e-03       1.799152e-02       2.490121e-03       1.018059e-02
       39000       5.561990e-03       3.824104e-04       2.955448e-03       2.158958e-02       4.132353e-03       1.208812e-02
       40000       4.003140e-03       3.367956e-04       1.966178e-03       2.197224e-02       4.315398e-03       1.118545e-02
       41000       4.068555e-03       6.478468e-04       2.247958e-03       2.300628e-02       5.747147e-03       1.248220e-02
       42000       4.276887e-03       2.148048e-04       2.207558e-03       2.420102e-02       4.988773e-03       1.165535e-02
       43000       4.314347e-03       4.299121e-04       2.335850e-03       2.186956e-02       5.875161e-03       1.131558e-02
       44000       5.910362e-03       1.087779e-04       2.842525e-03       1.991850e-02       3.768115e-03       1.139577e-02
       45000       6.927928e-03       5.351334e-04       3.638999e-03       1.767947e-02       4.720367e-03       9.909403e-03
       46000       5.261980e-03       4.364586e-04       2.863638e-03       2.007807e-02       4.843831e-03       1.177317e-02
       47000       5.099542e-03       5.214123e-04       2.699613e-03       2.719307e-02       5.896275e-03       1.221679e-02
       48000       4.978398e-03       4.814942e-04       2.553126e-03       2.110343e-02       4.526080e-03       1.101019e-02
       49000       4.737094e-03       7.494312e-04       2.531962e-03       2.172092e-02       5.460903e-03       1.172663e-02
       50000       3.869188e-03       3.787047e-04       2.311908e-03       2.726278e-02       6.817998e-03       1.224849e-02
       51000       5.384590e-03       5.237701e-04       3.134752e-03       2.218947e-02       4.152193e-03       1.123464e-02
       52000       5.557170e-03       6.094391e-04       3.100210e-03       1.924464e-02       5.673506e-03       1.131504e-02
       53000       4.627369e-03       5.682474e-04       2.403550e-03       1.972442e-02       6.089541e-03       1.205192e-02
       54000       7.097977e-03       8.597389e-04       3.697796e-03       2.371569e-02       3.767263e-03       1.282379e-02
       55000       6.997203e-03       1.899269e-04       3.139767e-03       2.597757e-02       4.836441e-03       1.324249e-02
       56000       4.230745e-03       1.195435e-04       2.388937e-03       2.348933e-02       5.314875e-03       1.129246e-02
       57000       4.946989e-03       1.253232e-04       2.751762e-03       1.670530e-02       4.282856e-03       1.055510e-02
       58000       4.577622e-03       2.412025e-04       2.680495e-03       2.044153e-02       5.421892e-03       1.186440e-02
       59000       5.215275e-03       4.564601e-04       2.786384e-03       2.486010e-02       4.816360e-03       1.307192e-02
       60000       4.823525e-03       1.184219e-04       2.618950e-03       2.067564e-02       4.816506e-03       1.068945e-02
       61000       4.747719e-03       3.839763e-04       2.524775e-03       1.899816e-02       4.716206e-03       1.051674e-02
       62000       5.411712e-03       4.411141e-04       2.966313e-03       2.750509e-02       4.678246e-03       1.158556e-02
       63000       4.474885e-03       5.472394e-04       2.320192e-03       2.247197e-02       6.789298e-03       1.173475e-02
       64000       6.130451e-03       4.544788e-04       3.232720e-03       2.017567e-02       6.316533e-03       1.346758e-02
       65000       5.659530e-03       2.776217e-04       3.205880e-03       2.355232e-02       4.631414e-03       1.250821e-02
       66000       5.410356e-03       5.230170e-04       2.657867e-03       2.567965e-02       4.023657e-03       1.342373e-02
       67000       4.431225e-03       8.698536e-04       2.552534e-03       2.126131e-02       5.892342e-03       1.211873e-02
       68000       6.941038e-03       4.228180e-04       3.825623e-03       1.687052e-02       5.992527e-03       1.094002e-02
       69000       5.433907e-03       7.647969e-04       2.993946e-03       2.779277e-02       6.306932e-03       1.431039e-02
       70000       5.149344e-03       6.043191e-04       2.796491e-03       2.173009e-02       4.520866e-03       1.008953e-02
       71000       4.510051e-03       5.613682e-04       2.488686e-03       2.166088e-02       4.884302e-03       1.109599e-02
       72000       5.424539e-03       8.535174e-04       2.750594e-03       2.395992e-02       4.460276e-03       1.139821e-02
       73000       5.908926e-03       4.820136e-04       3.121601e-03       2.496075e-02       5.826132e-03       1.262065e-02
       74000       4.882478e-03       1.005765e-03       2.735997e-03       2.049872e-02       5.657150e-03       1.264815e-02
       75000       6.816927e-03       2.958821e-04       3.770734e-03       2.222911e-02       6.883456e-03       1.178600e-02
       76000       7.010280e-03       2.662474e-04       3.656239e-03       2.216980e-02       4.251420e-03       1.044491e-02
       77000       5.600406e-03       6.212103e-04       2.762764e-03       2.068461e-02       5.112110e-03       1.211305e-02
       78000       5.482750e-03       1.975158e-04       2.673156e-03       2.479138e-02       6.004896e-03       1.204209e-02
       79000       5.177225e-03       2.752668e-04       2.540361e-03       1.897524e-02       5.482151e-03       1.098484e-02
       80000       5.033786e-03       3.780983e-04       2.728720e-03       2.118035e-02       4.473684e-03       1.159435e-02
       81000       5.012029e-03       4.763481e-04       2.943652e-03       2.473207e-02       5.403905e-03       1.331337e-02
       82000       5.035109e-03       4.680933e-04       2.742001e-03       2.525014e-02       5.869080e-03       1.283202e-02
       83000       4.902709e-03       2.666167e-04       2.818226e-03       2.423465e-02       4.257109e-03       1.231696e-02
       84000       4.279106e-03       5.067479e-04       2.272148e-03       1.978699e-02       4.985250e-03       1.097169e-02
       85000       4.781715e-03       3.862177e-04       2.581301e-03       2.192493e-02       5.898033e-03       1.149329e-02
       86000       5.814724e-03       6.018205e-04       2.869794e-03       2.517501e-02       6.654781e-03       1.290678e-02
       87000       5.323652e-03       1.698659e-04       2.779454e-03       2.400115e-02       6.701782e-03       1.246459e-02
       88000       5.598580e-03       3.140186e-04       3.239841e-03       2.338019e-02       5.822492e-03       1.231566e-02
       89000       6.770397e-03       2.034023e-04       3.669708e-03       2.028225e-02       3.044620e-03       1.042317e-02
       90000       7.700266e-03       6.603053e-04       4.002402e-03       1.985880e-02       5.442529e-03       1.122594e-02
       91000       4.474271e-03       9.779016e-05       2.443051e-03       1.988578e-02       5.633786e-03       1.062674e-02
       92000       4.373779e-03       6.858296e-04       2.162025e-03       1.812670e-02       5.295288e-03       1.114344e-02
       93000       4.565775e-03       4.791280e-04       2.410810e-03       1.887760e-02       4.327297e-03       1.070506e-02
       94000       4.729387e-03       3.664259e-04       2.581689e-03       2.016533e-02       5.692912e-03       1.165725e-02
       95000       5.352381e-03       4.486659e-04       2.852156e-03       2.162804e-02       5.080175e-03       1.103117e-02
       96000       5.934435e-03       4.256858e-04       3.432361e-03       2.075179e-02       5.770954e-03       1.100140e-02
       97000       7.247972e-03       2.470409e-04       3.789479e-03       2.477430e-02       5.921891e-03       1.170950e-02
       98000       5.486523e-03       2.825189e-04       3.024657e-03       1.979854e-02       3.810300e-03       1.250025e-02
       99000       5.040959e-03       2.033052e-04       2.489749e-03       2.456588e-02       5.360070e-03       1.164342e-02
      100000       4.808886e-03       6.550588e-04       2.491252e-03       2.672738e-02       6.375554e-03       1.306570e-02
           0       4.808886e-03       6.550588e-04       2.491252e-03       2.672738e-02       6.375554e-03       1.306570e-02
        1000       4.560627e-03       1.013646e-04       2.339533e-03       2.257575e-02       6.447220e-03       1.174365e-02
        2000       5.121289e-03       3.225687e-04       2.306250e-03       2.521229e-02       5.588981e-03       1.261568e-02
        3000       6.282780e-03       1.109005e-04       3.566715e-03       1.927660e-02       4.474343e-03       1.102186e-02
        4000       5.694195e-03       2.301707e-04       3.195064e-03       1.966978e-02       5.057053e-03       1.172578e-02
        5000       5.748476e-03       4.822509e-04       3.134523e-03       2.411403e-02       4.909084e-03       1.142872e-02
        6000       5.816808e-03       1.385243e-04       3.197422e-03       1.977753e-02       6.232408e-03       1.147829e-02
        7000       5.118811e-03       1.804475e-04       2.958410e-03       2.319626e-02       5.579560e-03       1.246852e-02
        8000       6.195651e-03       4.637944e-04       3.054434e-03       2.768717e-02       6.621468e-03       1.448348e-02
        9000       5.679652e-03       3.846810e-04       3.209253e-03       2.042032e-02       5.695317e-03       1.229140e-02
       10000       5.154861e-03       3.452067e-04       2.657793e-03       2.120894e-02       5.798681e-03       1.268412e-02
       11000       5.511503e-03       3.384622e-04       2.718652e-03       2.378664e-02       4.706783e-03       1.248284e-02
       12000       5.327475e-03       3.778785e-04       3.025546e-03       2.830068e-02       4.575108e-03       1.325125e-02
       13000       6.402209e-03       3.902195e-04       3.435690e-03       1.895303e-02       5.310180e-03       1.169665e-02
       14000       6.764681e-03       6.509665e-04       3.793719e-03       2.424668e-02       5.169109e-03       1.194183e-02
       15000       5.943844e-03       4.286528e-04       3.262329e-03       2.181927e-02       3.246756e-03       1.128773e-02
       16000       5.578554e-03       2.993072e-04       3.178167e-03       2.711576e-02       5.290813e-03       1.205900e-02
       17000       5.136953e-03       5.982761e-04       2.828680e-03       2.035455e-02       6.863145e-03       1.273411e-02
       18000       5.367280e-03       2.884169e-04       2.772304e-03       2.510350e-02       5.757257e-03       1.359653e-02
       19000       6.177524e-03       2.806212e-04       3.344533e-03       2.119374e-02       4.225916e-03       1.199328e-02
       20000       5.456570e-03       5.799391e-04       2.705661e-03       2.327541e-02       6.288368e-03       1.231097e-02
       21000       7.144250e-03       2.223539e-04       3.054577e-03       3.199616e-02       5.980047e-03       1.466742e-02
       22000       7.321414e-03       4.760468e-04       3.315970e-03       2.610997e-02       5.545138e-03       1.319005e-02
       23000       5.727806e-03       3.149578e-04       2.694554e-03       2.550132e-02       4.251754e-03       1.128271e-02
       24000       5.239238e-03       2.732601e-04       2.835132e-03       2.376566e-02       5.766599e-03       1.375734e-02
       25000       5.864468e-03       5.659386e-04       3.208430e-03       2.568688e-02       5.294506e-03       1.160901e-02
       26000       5.494254e-03       2.892319e-04       2.632016e-03       2.249982e-02       5.722871e-03       1.194829e-02
       27000       4.797609e-03       9.556733e-05       2.441277e-03       2.001134e-02       3.135472e-03       1.045312e-02
       28000       5.749724e-03       1.297054e-04       2.832360e-03       1.820375e-02       5.002537e-03       1.158835e-02
       29000       4.923698e-03       6.103962e-04       2.541724e-03       2.111368e-02       4.285349e-03       1.166241e-02
       30000       6.750731e-03       4.238924e-04       3.138656e-03       2.398592e-02       5.463090e-03       1.304728e-02
       31000       6.035473e-03       7.251511e-04       3.348010e-03       2.456865e-02       6.320232e-03       1.212268e-02
       32000       6.455516e-03       3.623702e-04       3.057034e-03       2.623627e-02       4.379386e-03       1.354476e-02
       33000       4.562218e-03       3.949708e-04       2.316392e-03       2.186985e-02       5.999569e-03       1.109943e-02
       34000       4.831949e-03       4.597716e-04       2.845039e-03       1.818312e-02       5.065394e-03       1.085636e-02
       35000       5.511484e-03       3.609013e-04       2.918587e-03       2.102316e-02       3.166870e-03       1.268038e-02
       36000       6.619732e-03       4.705561e-04       3.281245e-03       2.011735e-02       6.038650e-03       1.213511e-02
       37000       5.830512e-03       6.831487e-04       3.314188e-03       2.831437e-02       6.760979e-03       1.310502e-02
       38000       5.725288e-03       5.554508e-04       3.326944e-03       2.541785e-02       5.284245e-03       1.249061e-02
       39000       5.238966e-03       6.525119e-04       2.763732e-03       2.061602e-02       5.144164e-03       1.272095e-02
       40000       5.302304e-03       6.697728e-04       2.759779e-03       2.130912e-02       5.088053e-03       1.156393e-02
       41000       5.404411e-03       4.172027e-04       2.778024e-03       2.742594e-02       2.744609e-03       1.216130e-02
       42000       5.624841e-03       4.122078e-04       2.660014e-03       1.712962e-02       4.479238e-03       1.092076e-02
       43000       4.776163e-03       3.001205e-04       2.602195e-03       1.793925e-02       4.966747e-03       1.146937e-02
       44000       5.360721e-03       2.898749e-04       2.678393e-03       2.507458e-02       4.176793e-03       1.223109e-02
       45000       6.085923e-03       7.836630e-04       3.082110e-03       2.556674e-02       5.306383e-03       1.225816e-02
       46000       5.912906e-03       3.333192e-04       3.125856e-03       2.276646e-02       5.586714e-03       1.257217e-02
       47000       6.304868e-03       1.465682e-04       3.282201e-03       2.525111e-02       6.011492e-03       1.252841e-02
       48000       6.413921e-03       4.900500e-04       3.498777e-03       2.396333e-02       5.250806e-03       1.298815e-02
       49000       6.675062e-03       2.495262e-04       3.796684e-03       2.025758e-02       6.425777e-03       1.151643e-02
       50000       7.200464e-03       4.376074e-04       3.954993e-03       2.026540e-02       3.909130e-03       1.237160e-02
       51000       7.474824e-03       4.828870e-04       3.623030e-03       2.473623e-02       5.871821e-03       1.198611e-02
       52000       6.418326e-03       5.324128e-04       3.162590e-03       2.815260e-02       4.494372e-03       1.271483e-02
       53000       5.251962e-03       7.135675e-04       2.875148e-03       2.235709e-02       4.361302e-03       1.180203e-02
       54000       6.132292e-03       4.139323e-04       3.110339e-03       2.351992e-02       5.429863e-03       1.298241e-02
       55000       7.335819e-03       9.059027e-04       3.403012e-03       2.801930e-02       7.312007e-03       1.286350e-02
       56000       8.995188e-03       2.356748e-04       3.536776e-03       2.267266e-02       4.084285e-03       1.370862e-02
       57000       6.217731e-03       2.084178e-04       2.744332e-03       2.319952e-02       3.831415e-03       1.109280e-02
       58000       7.232366e-03       2.341521e-04       3.213572e-03       3.014314e-02       6.020756e-03       1.250242e-02
       59000       6.174853e-03       8.823887e-04       3.232592e-03       3.667568e-02       4.839287e-03       1.430728e-02
       60000       4.951495e-03       2.442767e-04       2.771910e-03       2.730611e-02       4.619773e-03       1.160628e-02
       61000       6.404686e-03       1.992761e-04       3.448529e-03       2.030142e-02       6.461418e-03       1.197603e-02
       62000       6.182659e-03       2.741366e-04       3.324178e-03       1.992694e-02       2.464352e-03       1.131805e-02
       63000       5.665422e-03       3.877756e-04       3.157113e-03       1.921940e-02       5.607571e-03       1.130128e-02
       64000       6.314679e-03       1.318864e-04       3.313029e-03       2.715115e-02       5.985644e-03       1.307427e-02
       65000       6.394651e-03       3.646382e-04       3.437873e-03       2.543772e-02       5.937835e-03       1.333514e-02
       66000       5.455893e-03       3.521944e-04       3.016078e-03       2.584049e-02       5.086288e-03       1.284954e-02
       67000       6.934270e-03       3.089771e-04       3.580866e-03       2.343696e-02       6.186365e-03       1.384348e-02
       68000       6.417153e-03       7.603232e-04       3.310718e-03       3.746809e-02       6.357399e-03       1.493476e-02
       69000       7.041616e-03       5.255908e-04       3.884110e-03       3.366321e-02       6.672455e-03       1.606630e-02
       70000       5.470425e-03       3.686274e-04       2.849813e-03       2.181244e-02       5.200532e-03       1.238904e-02
       71000       4.909861e-03       4.662862e-04       2.558917e-03       1.903839e-02       4.568905e-03       1.196143e-02
       72000       5.384343e-03       1.352826e-04       2.834701e-03       2.223406e-02       6.002405e-03       1.250808e-02
       73000       6.499644e-03       3.451468e-04       3.504591e-03       2.112394e-02       4.698757e-03       1.306476e-02
       74000       5.823531e-03       3.553501e-04       3.060542e-03       2.634295e-02       4.448394e-03       1.244867e-02
       75000       7.267009e-03       1.985695e-04       3.959502e-03       2.345513e-02       3.927883e-03       1.233589e-02
       76000       5.252309e-03       3.077268e-04       2.948770e-03       2.407834e-02       5.790614e-03       1.183994e-02
       77000       3.787478e-03       5.184041e-04       2.186192e-03       2.571229e-02       5.678899e-03       1.349847e-02
       78000       4.754881e-03       8.572353e-05       2.661747e-03       2.694328e-02       4.835977e-03       1.244666e-02
       79000       6.046964e-03       2.965832e-04       2.962672e-03       2.144936e-02       6.246061e-03       1.206495e-02
       80000       4.569241e-03       6.458997e-04       2.620614e-03       2.260656e-02       7.228968e-03       1.243619e-02
       81000       6.012027e-03       5.125562e-04       3.021429e-03       2.474910e-02       6.354171e-03       1.284374e-02
       82000       5.418787e-03       4.174464e-04       3.141242e-03       2.715316e-02       4.687182e-03       1.276260e-02
       83000       7.377536e-03       3.046644e-04       3.910832e-03       2.185638e-02       5.337511e-03       1.223089e-02
       84000       7.495786e-03       2.412043e-04       4.110954e-03       1.762857e-02       4.912078e-03       1.017941e-02
       85000       6.843180e-03       4.308249e-04       3.894481e-03       2.613051e-02       5.814243e-03       1.187397e-02
       86000       5.409095e-03       5.088764e-04       3.039487e-03       2.564176e-02       6.353926e-03       1.278880e-02
       87000       6.238021e-03       4.104124e-04       2.951608e-03       2.368418e-02       5.326716e-03       1.319621e-02
       88000       7.643785e-03       8.589665e-04       3.651745e-03       2.254762e-02       5.109332e-03       1.342559e-02
       89000       6.192126e-03       7.464725e-04       3.148550e-03       2.212416e-02       5.730151e-03       1.267831e-02
       90000       5.163597e-03       5.866424e-04       2.706825e-03       2.329220e-02       3.736751e-03       1.314256e-02
       91000       6.163930e-03       4.735879e-04       3.247178e-03       2.092997e-02       6.311990e-03       1.164783e-02
       92000       6.383498e-03       2.499273e-04       3.495986e-03       2.058423e-02       5.701537e-03       1.098050e-02
       93000       6.067732e-03       6.507696e-04       3.447315e-03       1.888937e-02       5.259252e-03       1.106477e-02
       94000       7.687349e-03       9.643046e-04       3.694438e-03       2.309576e-02       5.475066e-03       1.317513e-02
       95000       6.170200e-03       7.529555e-04       2.973969e-03       1.975762e-02       4.762351e-03       1.186716e-02
       96000       4.879274e-03       4.840194e-04       2.504590e-03       2.359853e-02       5.799820e-03       1.245017e-02
       97000       4.521918e-03       7.238458e-04       2.429139e-03       2.230209e-02       4.604463e-03       1.253228e-02
       98000       5.014179e-03       2.843092e-04       2.630518e-03       2.075310e-02       4.981078e-03       1.155079e-02
       99000       5.490154e-03       7.197176e-04       3.156587e-03       1.853021e-02       5.541596e-03       1.193814e-02
      100000       5.370038e-03       3.117677e-04       2.918271e-03       2.195563e-02       4.815589e-03       1.162682e-02
