/scratch/gpfs/ppiaggi/Simulations/TutorialWorkshop/Iteration5/train-models/1
della-l05g4
Thu May 11 16:44:09 EDT 2023
/var/spool/slurmd/job47714887/slurm_script: line 16: conda: command not found
WARNING:tensorflow:From /home/ppiaggi/.conda/envs/deepmd-2.1.3/lib/python3.10/site-packages/tensorflow/python/compat/v2_compat.py:107: disable_resource_variables (from tensorflow.python.ops.variable_scope) is deprecated and will be removed in a future version.
Instructions for updating:
non-resource variables are not supported in the long term
WARNING:root:To get the best performance, it is recommended to adjust the number of threads by setting the environment variables OMP_NUM_THREADS, TF_INTRA_OP_PARALLELISM_THREADS, and TF_INTER_OP_PARALLELISM_THREADS.
/home/ppiaggi/.conda/envs/deepmd-2.1.3/lib/python3.10/site-packages/deepmd/utils/compat.py:346: UserWarning: The argument training->numb_test has been deprecated since v2.0.0. Use training->validation_data->batch_size instead.
  warnings.warn(
DEEPMD INFO    Calculate neighbor statistics... (add --skip-neighbor-stat to skip this step)
DEEPMD INFO    training data with min nbor dist: 1.532981700133713
DEEPMD INFO    training data with max nbor size: [57]
DEEPMD WARNING sel of type 0 is not enough! The expected value is not less than 57, but you set it to 30. The accuracy of your model may get worse.
DEEPMD INFO     _____               _____   __  __  _____           _     _  _   
DEEPMD INFO    |  __ \             |  __ \ |  \/  ||  __ \         | |   (_)| |  
DEEPMD INFO    | |  | |  ___   ___ | |__) || \  / || |  | | ______ | | __ _ | |_ 
DEEPMD INFO    | |  | | / _ \ / _ \|  ___/ | |\/| || |  | ||______|| |/ /| || __|
DEEPMD INFO    | |__| ||  __/|  __/| |     | |  | || |__| |        |   < | || |_ 
DEEPMD INFO    |_____/  \___| \___||_|     |_|  |_||_____/         |_|\_\|_| \__|
DEEPMD INFO    Please read and cite:
DEEPMD INFO    Wang, Zhang, Han and E, Comput.Phys.Comm. 228, 178-184 (2018)
DEEPMD INFO    installed to:         /tmp/pip-req-build-a7a7r50a/_skbuild/linux-x86_64-3.10/cmake-install
DEEPMD INFO    source :              v2.1.3
DEEPMD INFO    source brach:         HEAD
DEEPMD INFO    source commit:        5a32c49e
DEEPMD INFO    source commit at:     2022-07-01 09:52:58 +0800
DEEPMD INFO    build float prec:     double
DEEPMD INFO    build with tf inc:    /home/ppiaggi/.conda/envs/deepmd-2.1.3/lib/python3.10/site-packages/tensorflow/include
DEEPMD INFO    build with tf lib:    
DEEPMD INFO    ---Summary of the training---------------------------------------
DEEPMD INFO    running on:           della-l05g4
DEEPMD INFO    computing device:     gpu:0
DEEPMD INFO    CUDA_VISIBLE_DEVICES: 0
DEEPMD INFO    Count of visible GPU: 1
DEEPMD INFO    num_intra_threads:    0
DEEPMD INFO    num_inter_threads:    0
DEEPMD INFO    -----------------------------------------------------------------
DEEPMD INFO    ---Summary of DataSystem: training     -----------------------------------------------
DEEPMD INFO    found 17 system(s):
DEEPMD INFO                                        system  natoms  bch_sz   n_bch   prob  pbc
DEEPMD INFO    -- rkshop/DFT/perturbations-si-64/0.01A-1p      64       1     100  0.059    T
DEEPMD INFO    -- orkshop/DFT/perturbations-si-64/0.1A-3p      64       1     100  0.059    T
DEEPMD INFO    -- orkshop/DFT/perturbations-si-64/0.2A-5p      64       1     100  0.059    T
DEEPMD INFO    -- ctory-lammps-1700K-1bar/extracted-confs      64       1     101  0.060    T
DEEPMD INFO    -- y-lammps-1700K-10000bar/extracted-confs      64       1     101  0.060    T
DEEPMD INFO    -- ammps-1700K-neg10000bar/extracted-confs      64       1     101  0.060    T
DEEPMD INFO    -- /liquid-64-1700K-10kbar/extracted-confs      64       1     101  0.060    T
DEEPMD INFO    -- quid-64-1700K-neg10kbar/extracted-confs      64       1     101  0.060    T
DEEPMD INFO    -- ns/liquid-64-1700K-1bar/extracted-confs      64       1     101  0.060    T
DEEPMD INFO    -- /liquid-64-1700K-10kbar/extracted-confs      64       1     101  0.060    T
DEEPMD INFO    -- quid-64-1700K-neg10kbar/extracted-confs      64       1     101  0.060    T
DEEPMD INFO    -- ns/liquid-64-1700K-1bar/extracted-confs      64       1     101  0.060    T
DEEPMD INFO    -- /liquid-64-1700K-10kbar/extracted-confs      64       1     101  0.060    T
DEEPMD INFO    -- quid-64-1700K-neg10kbar/extracted-confs      64       1     101  0.060    T
DEEPMD INFO    -- ns/liquid-64-1700K-1bar/extracted-confs      64       1     101  0.060    T
DEEPMD INFO    -- quid-64-1700K-neg10kbar/extracted-confs      64       1      72  0.043    T
DEEPMD INFO    -- ns/liquid-64-1700K-1bar/extracted-confs      64       1     101  0.060    T
DEEPMD INFO    --------------------------------------------------------------------------------------
DEEPMD INFO    ---Summary of DataSystem: validation   -----------------------------------------------
DEEPMD INFO    found 1 system(s):
DEEPMD INFO                                        system  natoms  bch_sz   n_bch   prob  pbc
DEEPMD INFO    -- rkshop/DFT/perturbations-si-64/0.05A-2p      64       1     100  1.000    T
DEEPMD INFO    --------------------------------------------------------------------------------------
DEEPMD INFO    training without frame parameter
DEEPMD INFO    data stating... (this step may take long time)
DEEPMD INFO    built lr
DEEPMD INFO    built network
DEEPMD INFO    built training
DEEPMD INFO    initialize model from scratch
DEEPMD INFO    start training at lr 2.00e-03 (== 2.00e-03), decay_step 500, decay_rate 0.969946, final lr will be 1.00e-08
DEEPMD INFO    batch    2000 training time 6.27 s, testing time 0.00 s
DEEPMD INFO    batch    4000 training time 5.97 s, testing time 0.00 s
DEEPMD INFO    batch    6000 training time 5.96 s, testing time 0.00 s
DEEPMD INFO    batch    8000 training time 5.94 s, testing time 0.00 s
DEEPMD INFO    batch   10000 training time 5.99 s, testing time 0.00 s
DEEPMD INFO    batch   12000 training time 5.97 s, testing time 0.00 s
DEEPMD INFO    batch   14000 training time 6.00 s, testing time 0.00 s
DEEPMD INFO    batch   16000 training time 6.01 s, testing time 0.00 s
DEEPMD INFO    batch   18000 training time 6.01 s, testing time 0.00 s
DEEPMD INFO    batch   20000 training time 6.00 s, testing time 0.00 s
INFO:tensorflow:/scratch/gpfs/ppiaggi/Simulations/TutorialWorkshop/Iteration5/train-models/1/model.ckpt-20000.meta
DEEPMD INFO    /scratch/gpfs/ppiaggi/Simulations/TutorialWorkshop/Iteration5/train-models/1/model.ckpt-20000.meta
INFO:tensorflow:500
DEEPMD INFO    500
INFO:tensorflow:/scratch/gpfs/ppiaggi/Simulations/TutorialWorkshop/Iteration5/train-models/1/model.ckpt-20000.index
DEEPMD INFO    /scratch/gpfs/ppiaggi/Simulations/TutorialWorkshop/Iteration5/train-models/1/model.ckpt-20000.index
INFO:tensorflow:500
DEEPMD INFO    500
INFO:tensorflow:/scratch/gpfs/ppiaggi/Simulations/TutorialWorkshop/Iteration5/train-models/1/model.ckpt-20000.data-00000-of-00001
DEEPMD INFO    /scratch/gpfs/ppiaggi/Simulations/TutorialWorkshop/Iteration5/train-models/1/model.ckpt-20000.data-00000-of-00001
INFO:tensorflow:3400
DEEPMD INFO    3400
DEEPMD INFO    saved checkpoint model.ckpt
DEEPMD INFO    batch   22000 training time 5.98 s, testing time 0.00 s
DEEPMD INFO    batch   24000 training time 5.96 s, testing time 0.00 s
DEEPMD INFO    batch   26000 training time 5.95 s, testing time 0.00 s
DEEPMD INFO    batch   28000 training time 5.95 s, testing time 0.00 s
DEEPMD INFO    batch   30000 training time 5.94 s, testing time 0.00 s
DEEPMD INFO    batch   32000 training time 5.95 s, testing time 0.00 s
DEEPMD INFO    batch   34000 training time 6.00 s, testing time 0.00 s
DEEPMD INFO    batch   36000 training time 5.98 s, testing time 0.00 s
DEEPMD INFO    batch   38000 training time 5.96 s, testing time 0.00 s
DEEPMD INFO    batch   40000 training time 5.99 s, testing time 0.00 s
INFO:tensorflow:/scratch/gpfs/ppiaggi/Simulations/TutorialWorkshop/Iteration5/train-models/1/model.ckpt-40000.meta
DEEPMD INFO    /scratch/gpfs/ppiaggi/Simulations/TutorialWorkshop/Iteration5/train-models/1/model.ckpt-40000.meta
INFO:tensorflow:500
DEEPMD INFO    500
INFO:tensorflow:/scratch/gpfs/ppiaggi/Simulations/TutorialWorkshop/Iteration5/train-models/1/model.ckpt-40000.index
DEEPMD INFO    /scratch/gpfs/ppiaggi/Simulations/TutorialWorkshop/Iteration5/train-models/1/model.ckpt-40000.index
INFO:tensorflow:500
DEEPMD INFO    500
INFO:tensorflow:/scratch/gpfs/ppiaggi/Simulations/TutorialWorkshop/Iteration5/train-models/1/model.ckpt-40000.data-00000-of-00001
DEEPMD INFO    /scratch/gpfs/ppiaggi/Simulations/TutorialWorkshop/Iteration5/train-models/1/model.ckpt-40000.data-00000-of-00001
INFO:tensorflow:3400
DEEPMD INFO    3400
DEEPMD INFO    saved checkpoint model.ckpt
DEEPMD INFO    batch   42000 training time 5.93 s, testing time 0.00 s
DEEPMD INFO    batch   44000 training time 5.93 s, testing time 0.00 s
DEEPMD INFO    batch   46000 training time 5.94 s, testing time 0.00 s
DEEPMD INFO    batch   48000 training time 5.97 s, testing time 0.00 s
DEEPMD INFO    batch   50000 training time 5.96 s, testing time 0.00 s
DEEPMD INFO    batch   52000 training time 5.93 s, testing time 0.00 s
DEEPMD INFO    batch   54000 training time 5.91 s, testing time 0.00 s
DEEPMD INFO    batch   56000 training time 5.96 s, testing time 0.00 s
DEEPMD INFO    batch   58000 training time 5.96 s, testing time 0.00 s
DEEPMD INFO    batch   60000 training time 5.98 s, testing time 0.00 s
INFO:tensorflow:/scratch/gpfs/ppiaggi/Simulations/TutorialWorkshop/Iteration5/train-models/1/model.ckpt-60000.index
DEEPMD INFO    /scratch/gpfs/ppiaggi/Simulations/TutorialWorkshop/Iteration5/train-models/1/model.ckpt-60000.index
INFO:tensorflow:0
DEEPMD INFO    0
INFO:tensorflow:/scratch/gpfs/ppiaggi/Simulations/TutorialWorkshop/Iteration5/train-models/1/model.ckpt-60000.data-00000-of-00001
DEEPMD INFO    /scratch/gpfs/ppiaggi/Simulations/TutorialWorkshop/Iteration5/train-models/1/model.ckpt-60000.data-00000-of-00001
INFO:tensorflow:2900
DEEPMD INFO    2900
INFO:tensorflow:/scratch/gpfs/ppiaggi/Simulations/TutorialWorkshop/Iteration5/train-models/1/model.ckpt-60000.meta
DEEPMD INFO    /scratch/gpfs/ppiaggi/Simulations/TutorialWorkshop/Iteration5/train-models/1/model.ckpt-60000.meta
INFO:tensorflow:3400
DEEPMD INFO    3400
DEEPMD INFO    saved checkpoint model.ckpt
DEEPMD INFO    batch   62000 training time 6.00 s, testing time 0.00 s
DEEPMD INFO    batch   64000 training time 5.99 s, testing time 0.00 s
DEEPMD INFO    batch   66000 training time 6.00 s, testing time 0.00 s
DEEPMD INFO    batch   68000 training time 5.98 s, testing time 0.00 s
DEEPMD INFO    batch   70000 training time 5.94 s, testing time 0.00 s
DEEPMD INFO    batch   72000 training time 5.96 s, testing time 0.00 s
DEEPMD INFO    batch   74000 training time 5.96 s, testing time 0.00 s
DEEPMD INFO    batch   76000 training time 5.97 s, testing time 0.00 s
DEEPMD INFO    batch   78000 training time 5.97 s, testing time 0.00 s
DEEPMD INFO    batch   80000 training time 5.97 s, testing time 0.00 s
INFO:tensorflow:/scratch/gpfs/ppiaggi/Simulations/TutorialWorkshop/Iteration5/train-models/1/model.ckpt-80000.meta
DEEPMD INFO    /scratch/gpfs/ppiaggi/Simulations/TutorialWorkshop/Iteration5/train-models/1/model.ckpt-80000.meta
INFO:tensorflow:500
DEEPMD INFO    500
INFO:tensorflow:/scratch/gpfs/ppiaggi/Simulations/TutorialWorkshop/Iteration5/train-models/1/model.ckpt-80000.index
DEEPMD INFO    /scratch/gpfs/ppiaggi/Simulations/TutorialWorkshop/Iteration5/train-models/1/model.ckpt-80000.index
INFO:tensorflow:500
DEEPMD INFO    500
INFO:tensorflow:/scratch/gpfs/ppiaggi/Simulations/TutorialWorkshop/Iteration5/train-models/1/model.ckpt-80000.data-00000-of-00001
DEEPMD INFO    /scratch/gpfs/ppiaggi/Simulations/TutorialWorkshop/Iteration5/train-models/1/model.ckpt-80000.data-00000-of-00001
INFO:tensorflow:3400
DEEPMD INFO    3400
DEEPMD INFO    saved checkpoint model.ckpt
DEEPMD INFO    batch   82000 training time 5.95 s, testing time 0.00 s
DEEPMD INFO    batch   84000 training time 5.94 s, testing time 0.00 s
DEEPMD INFO    batch   86000 training time 5.96 s, testing time 0.00 s
DEEPMD INFO    batch   88000 training time 5.95 s, testing time 0.00 s
DEEPMD INFO    batch   90000 training time 5.97 s, testing time 0.00 s
DEEPMD INFO    batch   92000 training time 5.96 s, testing time 0.00 s
DEEPMD INFO    batch   94000 training time 5.98 s, testing time 0.00 s
DEEPMD INFO    batch   96000 training time 5.98 s, testing time 0.00 s
DEEPMD INFO    batch   98000 training time 5.95 s, testing time 0.00 s
DEEPMD INFO    batch  100000 training time 5.96 s, testing time 0.00 s
INFO:tensorflow:/scratch/gpfs/ppiaggi/Simulations/TutorialWorkshop/Iteration5/train-models/1/model.ckpt-100000.index
DEEPMD INFO    /scratch/gpfs/ppiaggi/Simulations/TutorialWorkshop/Iteration5/train-models/1/model.ckpt-100000.index
INFO:tensorflow:0
DEEPMD INFO    0
INFO:tensorflow:/scratch/gpfs/ppiaggi/Simulations/TutorialWorkshop/Iteration5/train-models/1/model.ckpt-100000.data-00000-of-00001
DEEPMD INFO    /scratch/gpfs/ppiaggi/Simulations/TutorialWorkshop/Iteration5/train-models/1/model.ckpt-100000.data-00000-of-00001
INFO:tensorflow:2900
DEEPMD INFO    2900
INFO:tensorflow:/scratch/gpfs/ppiaggi/Simulations/TutorialWorkshop/Iteration5/train-models/1/model.ckpt-100000.meta
DEEPMD INFO    /scratch/gpfs/ppiaggi/Simulations/TutorialWorkshop/Iteration5/train-models/1/model.ckpt-100000.meta
INFO:tensorflow:3400
DEEPMD INFO    3400
DEEPMD INFO    saved checkpoint model.ckpt
DEEPMD INFO    batch  102000 training time 5.95 s, testing time 0.00 s
DEEPMD INFO    batch  104000 training time 5.96 s, testing time 0.00 s
DEEPMD INFO    batch  106000 training time 5.97 s, testing time 0.00 s
DEEPMD INFO    batch  108000 training time 5.96 s, testing time 0.00 s
DEEPMD INFO    batch  110000 training time 5.95 s, testing time 0.00 s
DEEPMD INFO    batch  112000 training time 5.96 s, testing time 0.00 s
DEEPMD INFO    batch  114000 training time 5.96 s, testing time 0.00 s
DEEPMD INFO    batch  116000 training time 5.96 s, testing time 0.00 s
DEEPMD INFO    batch  118000 training time 5.96 s, testing time 0.00 s
DEEPMD INFO    batch  120000 training time 5.96 s, testing time 0.00 s
WARNING:tensorflow:From /home/ppiaggi/.conda/envs/deepmd-2.1.3/lib/python3.10/site-packages/tensorflow/python/training/saver.py:1066: remove_checkpoint (from tensorflow.python.training.checkpoint_management) is deprecated and will be removed in a future version.
Instructions for updating:
Use standard file APIs to delete files with this prefix.
DEEPMD WARNING From /home/ppiaggi/.conda/envs/deepmd-2.1.3/lib/python3.10/site-packages/tensorflow/python/training/saver.py:1066: remove_checkpoint (from tensorflow.python.training.checkpoint_management) is deprecated and will be removed in a future version.
Instructions for updating:
Use standard file APIs to delete files with this prefix.
INFO:tensorflow:/scratch/gpfs/ppiaggi/Simulations/TutorialWorkshop/Iteration5/train-models/1/model.ckpt-120000.index
DEEPMD INFO    /scratch/gpfs/ppiaggi/Simulations/TutorialWorkshop/Iteration5/train-models/1/model.ckpt-120000.index
INFO:tensorflow:0
DEEPMD INFO    0
INFO:tensorflow:/scratch/gpfs/ppiaggi/Simulations/TutorialWorkshop/Iteration5/train-models/1/model.ckpt-120000.meta
DEEPMD INFO    /scratch/gpfs/ppiaggi/Simulations/TutorialWorkshop/Iteration5/train-models/1/model.ckpt-120000.meta
INFO:tensorflow:500
DEEPMD INFO    500
INFO:tensorflow:/scratch/gpfs/ppiaggi/Simulations/TutorialWorkshop/Iteration5/train-models/1/model.ckpt-120000.data-00000-of-00001
DEEPMD INFO    /scratch/gpfs/ppiaggi/Simulations/TutorialWorkshop/Iteration5/train-models/1/model.ckpt-120000.data-00000-of-00001
INFO:tensorflow:3400
DEEPMD INFO    3400
DEEPMD INFO    saved checkpoint model.ckpt
DEEPMD INFO    batch  122000 training time 5.97 s, testing time 0.00 s
DEEPMD INFO    batch  124000 training time 5.97 s, testing time 0.00 s
DEEPMD INFO    batch  126000 training time 6.00 s, testing time 0.00 s
DEEPMD INFO    batch  128000 training time 6.00 s, testing time 0.00 s
DEEPMD INFO    batch  130000 training time 5.97 s, testing time 0.00 s
DEEPMD INFO    batch  132000 training time 6.00 s, testing time 0.00 s
DEEPMD INFO    batch  134000 training time 5.94 s, testing time 0.00 s
DEEPMD INFO    batch  136000 training time 5.94 s, testing time 0.00 s
DEEPMD INFO    batch  138000 training time 5.94 s, testing time 0.00 s
DEEPMD INFO    batch  140000 training time 5.94 s, testing time 0.00 s
INFO:tensorflow:/scratch/gpfs/ppiaggi/Simulations/TutorialWorkshop/Iteration5/train-models/1/model.ckpt-140000.meta
DEEPMD INFO    /scratch/gpfs/ppiaggi/Simulations/TutorialWorkshop/Iteration5/train-models/1/model.ckpt-140000.meta
INFO:tensorflow:500
DEEPMD INFO    500
INFO:tensorflow:/scratch/gpfs/ppiaggi/Simulations/TutorialWorkshop/Iteration5/train-models/1/model.ckpt-140000.index
DEEPMD INFO    /scratch/gpfs/ppiaggi/Simulations/TutorialWorkshop/Iteration5/train-models/1/model.ckpt-140000.index
INFO:tensorflow:500
DEEPMD INFO    500
INFO:tensorflow:/scratch/gpfs/ppiaggi/Simulations/TutorialWorkshop/Iteration5/train-models/1/model.ckpt-140000.data-00000-of-00001
DEEPMD INFO    /scratch/gpfs/ppiaggi/Simulations/TutorialWorkshop/Iteration5/train-models/1/model.ckpt-140000.data-00000-of-00001
INFO:tensorflow:3400
DEEPMD INFO    3400
DEEPMD INFO    saved checkpoint model.ckpt
DEEPMD INFO    batch  142000 training time 5.97 s, testing time 0.00 s
DEEPMD INFO    batch  144000 training time 6.00 s, testing time 0.00 s
DEEPMD INFO    batch  146000 training time 5.99 s, testing time 0.00 s
DEEPMD INFO    batch  148000 training time 5.99 s, testing time 0.00 s
DEEPMD INFO    batch  150000 training time 5.99 s, testing time 0.00 s
DEEPMD INFO    batch  152000 training time 5.99 s, testing time 0.00 s
DEEPMD INFO    batch  154000 training time 5.99 s, testing time 0.00 s
DEEPMD INFO    batch  156000 training time 5.96 s, testing time 0.00 s
DEEPMD INFO    batch  158000 training time 5.95 s, testing time 0.00 s
DEEPMD INFO    batch  160000 training time 5.95 s, testing time 0.00 s
INFO:tensorflow:/scratch/gpfs/ppiaggi/Simulations/TutorialWorkshop/Iteration5/train-models/1/model.ckpt-160000.index
DEEPMD INFO    /scratch/gpfs/ppiaggi/Simulations/TutorialWorkshop/Iteration5/train-models/1/model.ckpt-160000.index
INFO:tensorflow:0
DEEPMD INFO    0
INFO:tensorflow:/scratch/gpfs/ppiaggi/Simulations/TutorialWorkshop/Iteration5/train-models/1/model.ckpt-160000.data-00000-of-00001
DEEPMD INFO    /scratch/gpfs/ppiaggi/Simulations/TutorialWorkshop/Iteration5/train-models/1/model.ckpt-160000.data-00000-of-00001
INFO:tensorflow:2900
DEEPMD INFO    2900
INFO:tensorflow:/scratch/gpfs/ppiaggi/Simulations/TutorialWorkshop/Iteration5/train-models/1/model.ckpt-160000.meta
DEEPMD INFO    /scratch/gpfs/ppiaggi/Simulations/TutorialWorkshop/Iteration5/train-models/1/model.ckpt-160000.meta
INFO:tensorflow:3400
DEEPMD INFO    3400
DEEPMD INFO    saved checkpoint model.ckpt
DEEPMD INFO    batch  162000 training time 6.01 s, testing time 0.00 s
DEEPMD INFO    batch  164000 training time 5.94 s, testing time 0.00 s
DEEPMD INFO    batch  166000 training time 5.95 s, testing time 0.00 s
DEEPMD INFO    batch  168000 training time 5.95 s, testing time 0.00 s
DEEPMD INFO    batch  170000 training time 5.96 s, testing time 0.00 s
DEEPMD INFO    batch  172000 training time 5.95 s, testing time 0.00 s
DEEPMD INFO    batch  174000 training time 5.96 s, testing time 0.00 s
DEEPMD INFO    batch  176000 training time 5.95 s, testing time 0.00 s
DEEPMD INFO    batch  178000 training time 5.96 s, testing time 0.00 s
DEEPMD INFO    batch  180000 training time 5.97 s, testing time 0.00 s
INFO:tensorflow:/scratch/gpfs/ppiaggi/Simulations/TutorialWorkshop/Iteration5/train-models/1/model.ckpt-180000.data-00000-of-00001
DEEPMD INFO    /scratch/gpfs/ppiaggi/Simulations/TutorialWorkshop/Iteration5/train-models/1/model.ckpt-180000.data-00000-of-00001
INFO:tensorflow:2900
DEEPMD INFO    2900
INFO:tensorflow:/scratch/gpfs/ppiaggi/Simulations/TutorialWorkshop/Iteration5/train-models/1/model.ckpt-180000.index
DEEPMD INFO    /scratch/gpfs/ppiaggi/Simulations/TutorialWorkshop/Iteration5/train-models/1/model.ckpt-180000.index
INFO:tensorflow:2900
DEEPMD INFO    2900
INFO:tensorflow:/scratch/gpfs/ppiaggi/Simulations/TutorialWorkshop/Iteration5/train-models/1/model.ckpt-180000.meta
DEEPMD INFO    /scratch/gpfs/ppiaggi/Simulations/TutorialWorkshop/Iteration5/train-models/1/model.ckpt-180000.meta
INFO:tensorflow:3400
DEEPMD INFO    3400
DEEPMD INFO    saved checkpoint model.ckpt
DEEPMD INFO    batch  182000 training time 5.96 s, testing time 0.00 s
DEEPMD INFO    batch  184000 training time 5.96 s, testing time 0.00 s
DEEPMD INFO    batch  186000 training time 5.96 s, testing time 0.00 s
DEEPMD INFO    batch  188000 training time 5.96 s, testing time 0.00 s
DEEPMD INFO    batch  190000 training time 5.95 s, testing time 0.00 s
DEEPMD INFO    batch  192000 training time 5.94 s, testing time 0.00 s
DEEPMD INFO    batch  194000 training time 5.95 s, testing time 0.00 s
DEEPMD INFO    batch  196000 training time 5.91 s, testing time 0.00 s
DEEPMD INFO    batch  198000 training time 5.92 s, testing time 0.00 s
DEEPMD INFO    batch  200000 training time 5.95 s, testing time 0.01 s
INFO:tensorflow:/scratch/gpfs/ppiaggi/Simulations/TutorialWorkshop/Iteration5/train-models/1/model.ckpt-200000.meta
DEEPMD INFO    /scratch/gpfs/ppiaggi/Simulations/TutorialWorkshop/Iteration5/train-models/1/model.ckpt-200000.meta
INFO:tensorflow:500
DEEPMD INFO    500
INFO:tensorflow:/scratch/gpfs/ppiaggi/Simulations/TutorialWorkshop/Iteration5/train-models/1/model.ckpt-200000.data-00000-of-00001
DEEPMD INFO    /scratch/gpfs/ppiaggi/Simulations/TutorialWorkshop/Iteration5/train-models/1/model.ckpt-200000.data-00000-of-00001
INFO:tensorflow:3400
DEEPMD INFO    3400
INFO:tensorflow:/scratch/gpfs/ppiaggi/Simulations/TutorialWorkshop/Iteration5/train-models/1/model.ckpt-200000.index
DEEPMD INFO    /scratch/gpfs/ppiaggi/Simulations/TutorialWorkshop/Iteration5/train-models/1/model.ckpt-200000.index
INFO:tensorflow:3400
DEEPMD INFO    3400
DEEPMD INFO    saved checkpoint model.ckpt
DEEPMD INFO    finished training
DEEPMD INFO    wall time: 638.841 s
Thu May 11 16:55:41 EDT 2023
