
CommandNotFoundError: Your shell has not been properly configured to use 'conda deactivate'.
To initialize your shell, run

    $ conda init <SHELL_NAME>

Currently supported shells are:
  - bash
  - fish
  - tcsh
  - xonsh
  - zsh
  - powershell

See 'conda init --help' for more information and options.

IMPORTANT: You may need to close and restart your shell after running 'conda init'.


Warning: ieee_divide_by_zero is signaling
Warning: ieee_inexact is signaling
FORTRAN STOP
Warning: ieee_divide_by_zero is signaling
Warning: ieee_inexact is signaling
FORTRAN STOP
Warning: ieee_divide_by_zero is signaling
Warning: ieee_inexact is signaling
FORTRAN STOP
Warning: ieee_divide_by_zero is signaling
Warning: ieee_inexact is signaling
FORTRAN STOP
Warning: ieee_divide_by_zero is signaling
Warning: ieee_inexact is signaling
FORTRAN STOP
Warning: ieee_divide_by_zero is signaling
Warning: ieee_inexact is signaling
FORTRAN STOP
Warning: ieee_divide_by_zero is signaling
Warning: ieee_inexact is signaling
FORTRAN STOP
Warning: ieee_divide_by_zero is signaling
Warning: ieee_inexact is signaling
FORTRAN STOP
Warning: ieee_divide_by_zero is signaling
Warning: ieee_inexact is signaling
FORTRAN STOP
Warning: ieee_divide_by_zero is signaling
Warning: ieee_inexact is signaling
FORTRAN STOP
Warning: ieee_divide_by_zero is signaling
Warning: ieee_inexact is signaling
FORTRAN STOP
Warning: ieee_divide_by_zero is signaling
Warning: ieee_inexact is signaling
FORTRAN STOP
Warning: ieee_divide_by_zero is signaling
Warning: ieee_inexact is signaling
FORTRAN STOP
Warning: ieee_divide_by_zero is signaling
Warning: ieee_inexact is signaling
FORTRAN STOP
Warning: ieee_divide_by_zero is signaling
Warning: ieee_inexact is signaling
FORTRAN STOP
Warning: ieee_divide_by_zero is signaling
Warning: ieee_inexact is signaling
FORTRAN STOP
Warning: ieee_divide_by_zero is signaling
Warning: ieee_inexact is signaling
FORTRAN STOP
Warning: ieee_inexact is signaling
FORTRAN STOP
Warning: ieee_divide_by_zero is signaling
Warning: ieee_inexact is signaling
FORTRAN STOP
Warning: ieee_divide_by_zero is signaling
Warning: ieee_inexact is signaling
FORTRAN STOP
Warning: ieee_divide_by_zero is signaling
Warning: ieee_inexact is signaling
FORTRAN STOP
Warning: ieee_divide_by_zero is signaling
Warning: ieee_inexact is signaling
FORTRAN STOP
Warning: ieee_divide_by_zero is signaling
Warning: ieee_inexact is signaling
FORTRAN STOP
Warning: ieee_divide_by_zero is signaling
Warning: ieee_inexact is signaling
FORTRAN STOP
Warning: ieee_divide_by_zero is signaling
Warning: ieee_inexact is signaling
FORTRAN STOP
Warning: ieee_divide_by_zero is signaling
Warning: ieee_inexact is signaling
FORTRAN STOP
Warning: ieee_divide_by_zero is signaling
Warning: ieee_inexact is signaling
FORTRAN STOP
Warning: ieee_divide_by_zero is signaling
Warning: ieee_inexact is signaling
FORTRAN STOP
Warning: ieee_divide_by_zero is signaling
Warning: ieee_inexact is signaling
FORTRAN STOP
Warning: ieee_divide_by_zero is signaling
Warning: ieee_inexact is signaling
FORTRAN STOP
Warning: ieee_divide_by_zero is signaling
Warning: ieee_inexact is signaling
FORTRAN STOP
Warning: ieee_divide_by_zero is signaling
Warning: ieee_inexact is signaling
FORTRAN STOP
Warning: ieee_divide_by_zero is signaling
Warning: ieee_inexact is signaling
FORTRAN STOP
Warning: ieee_divide_by_zero is signaling
Warning: ieee_inexact is signaling
FORTRAN STOP
Warning: ieee_divide_by_zero is signaling
Warning: ieee_inexact is signaling
FORTRAN STOP
Warning: ieee_divide_by_zero is signaling
Warning: ieee_inexact is signaling
FORTRAN STOP
Warning: ieee_divide_by_zero is signaling
Warning: ieee_inexact is signaling
FORTRAN STOP
Warning: ieee_divide_by_zero is signaling
Warning: ieee_inexact is signaling
FORTRAN STOP
Warning: ieee_divide_by_zero is signaling
Warning: ieee_inexact is signaling
FORTRAN STOP
Warning: ieee_divide_by_zero is signaling
Warning: ieee_inexact is signaling
FORTRAN STOP
Warning: ieee_divide_by_zero is signaling
Warning: ieee_inexact is signaling
FORTRAN STOP
Warning: ieee_divide_by_zero is signaling
Warning: ieee_inexact is signaling
FORTRAN STOP
Warning: ieee_divide_by_zero is signaling
Warning: ieee_inexact is signaling
FORTRAN STOP
Warning: ieee_divide_by_zero is signaling
Warning: ieee_inexact is signaling
FORTRAN STOP
Warning: ieee_divide_by_zero is signaling
Warning: ieee_inexact is signaling
FORTRAN STOP
Warning: ieee_divide_by_zero is signaling
Warning: ieee_inexact is signaling
FORTRAN STOP
Warning: ieee_divide_by_zero is signaling
Warning: ieee_inexact is signaling
FORTRAN STOP
Warning: ieee_divide_by_zero is signaling
Warning: ieee_inexact is signaling
FORTRAN STOP
Warning: ieee_divide_by_zero is signaling
Warning: ieee_inexact is signaling
FORTRAN STOP
Warning: ieee_divide_by_zero is signaling
Warning: ieee_inexact is signaling
FORTRAN STOP
Warning: ieee_divide_by_zero is signaling
Warning: ieee_inexact is signaling
FORTRAN STOP
Warning: ieee_divide_by_zero is signaling
Warning: ieee_inexact is signaling
FORTRAN STOP
Warning: ieee_divide_by_zero is signaling
Warning: ieee_inexact is signaling
FORTRAN STOP
Warning: ieee_divide_by_zero is signaling
Warning: ieee_inexact is signaling
FORTRAN STOP
Warning: ieee_divide_by_zero is signaling
Warning: ieee_inexact is signaling
FORTRAN STOP
Warning: ieee_divide_by_zero is signaling
Warning: ieee_inexact is signaling
FORTRAN STOP
Warning: ieee_divide_by_zero is signaling
Warning: ieee_inexact is signaling
FORTRAN STOP
Warning: ieee_divide_by_zero is signaling
Warning: ieee_inexact is signaling
FORTRAN STOP
Warning: ieee_divide_by_zero is signaling
Warning: ieee_inexact is signaling
FORTRAN STOP
Warning: ieee_divide_by_zero is signaling
Warning: ieee_inexact is signaling
FORTRAN STOP
Warning: ieee_divide_by_zero is signaling
Warning: ieee_inexact is signaling
FORTRAN STOP
Warning: ieee_inexact is signaling
FORTRAN STOP
Warning: ieee_divide_by_zero is signaling
Warning: ieee_inexact is signaling
FORTRAN STOP
Warning: ieee_divide_by_zero is signaling
Warning: ieee_inexact is signaling
FORTRAN STOP
Warning: ieee_divide_by_zero is signaling
Warning: ieee_inexact is signaling
FORTRAN STOP
Warning: ieee_divide_by_zero is signaling
Warning: ieee_inexact is signaling
FORTRAN STOP
Warning: ieee_divide_by_zero is signaling
Warning: ieee_inexact is signaling
FORTRAN STOP
Warning: ieee_divide_by_zero is signaling
Warning: ieee_inexact is signaling
FORTRAN STOP
Warning: ieee_divide_by_zero is signaling
Warning: ieee_inexact is signaling
FORTRAN STOP
Warning: ieee_divide_by_zero is signaling
Warning: ieee_inexact is signaling
FORTRAN STOP
Warning: ieee_divide_by_zero is signaling
Warning: ieee_inexact is signaling
FORTRAN STOP
Warning: ieee_divide_by_zero is signaling
Warning: ieee_inexact is signaling
FORTRAN STOP
Warning: ieee_divide_by_zero is signaling
Warning: ieee_inexact is signaling
FORTRAN STOP
Warning: ieee_divide_by_zero is signaling
Warning: ieee_inexact is signaling
FORTRAN STOP
Warning: ieee_divide_by_zero is signaling
Warning: ieee_inexact is signaling
FORTRAN STOP
Warning: ieee_divide_by_zero is signaling
Warning: ieee_inexact is signaling
FORTRAN STOP
Warning: ieee_divide_by_zero is signaling
Warning: ieee_inexact is signaling
FORTRAN STOP
Warning: ieee_divide_by_zero is signaling
Warning: ieee_inexact is signaling
FORTRAN STOP
Warning: ieee_divide_by_zero is signaling
Warning: ieee_inexact is signaling
FORTRAN STOP
Warning: ieee_divide_by_zero is signaling
Warning: ieee_inexact is signaling
FORTRAN STOP
Warning: ieee_divide_by_zero is signaling
Warning: ieee_inexact is signaling
FORTRAN STOP
Warning: ieee_inexact is signaling
FORTRAN STOP
Warning: ieee_inexact is signaling
FORTRAN STOP
Warning: ieee_divide_by_zero is signaling
Warning: ieee_inexact is signaling
FORTRAN STOP
Warning: ieee_divide_by_zero is signaling
Warning: ieee_inexact is signaling
FORTRAN STOP
Warning: ieee_divide_by_zero is signaling
Warning: ieee_inexact is signaling
FORTRAN STOP
Warning: ieee_divide_by_zero is signaling
Warning: ieee_inexact is signaling
FORTRAN STOP
Warning: ieee_inexact is signaling
FORTRAN STOP
Warning: ieee_divide_by_zero is signaling
Warning: ieee_inexact is signaling
FORTRAN STOP
Warning: ieee_divide_by_zero is signaling
Warning: ieee_inexact is signaling
FORTRAN STOP
Warning: ieee_inexact is signaling
FORTRAN STOP
Warning: ieee_divide_by_zero is signaling
Warning: ieee_inexact is signaling
FORTRAN STOP
Warning: ieee_divide_by_zero is signaling
Warning: ieee_inexact is signaling
FORTRAN STOP
Warning: ieee_divide_by_zero is signaling
Warning: ieee_inexact is signaling
FORTRAN STOP
Warning: ieee_divide_by_zero is signaling
Warning: ieee_inexact is signaling
FORTRAN STOP
Warning: ieee_divide_by_zero is signaling
Warning: ieee_inexact is signaling
FORTRAN STOP
Warning: ieee_divide_by_zero is signaling
Warning: ieee_inexact is signaling
FORTRAN STOP
Warning: ieee_divide_by_zero is signaling
Warning: ieee_inexact is signaling
FORTRAN STOP
Warning: ieee_divide_by_zero is signaling
Warning: ieee_inexact is signaling
FORTRAN STOP
Warning: ieee_inexact is signaling
FORTRAN STOP
