#  step      rmse_val    rmse_trn    rmse_e_val  rmse_e_trn    rmse_f_val  rmse_f_trn         lr
      0      1.78e+01    3.72e+01      1.97e+00    5.59e-01      5.59e-01    1.18e+00    2.0e-03
   2000      6.43e+00    9.84e+00      4.26e-01    9.66e-02      2.12e-01    3.30e-01    1.8e-03
   4000      3.37e+00    1.04e+01      4.74e-01    1.83e-01      1.01e-01    3.70e-01    1.6e-03
   6000      3.46e+00    8.16e+00      4.26e-01    1.21e-02      1.09e-01    3.10e-01    1.4e-03
   8000      2.92e+00    8.34e+00      2.27e-01    1.13e-01      1.08e-01    3.36e-01    1.2e-03
  10000      2.82e+00    8.22e+00      2.67e-01    2.81e-02      1.04e-01    3.52e-01    1.1e-03
  12000      2.28e+00    7.42e+00      1.91e-01    1.92e-01      9.07e-02    3.34e-01    9.6e-04
  14000      2.11e+00    5.67e+00      2.66e-01    1.30e-02      6.51e-02    2.75e-01    8.5e-04
  16000      2.00e+00    6.60e+00      2.34e-01    1.15e-02      6.91e-02    3.40e-01    7.5e-04
  18000      1.15e+00    5.70e+00      9.92e-02    9.42e-02      5.20e-02    3.10e-01    6.7e-04
  20000      1.42e+00    5.37e+00      1.62e-01    2.79e-02      5.26e-02    3.12e-01    5.9e-04
  22000      1.22e+00    7.71e-01      1.27e-01    1.07e-01      5.29e-02    1.43e-02    5.2e-04
  24000      1.53e+00    4.34e+00      1.81e-01    4.82e-03      5.59e-02    2.85e-01    4.6e-04
  26000      1.63e+00    1.86e+00      1.94e-01    1.98e-01      6.02e-02    8.42e-02    4.1e-04
  28000      9.65e-01    4.08e+00      9.26e-02    1.31e-02      5.14e-02    3.02e-01    3.6e-04
  30000      1.28e+00    3.76e+00      1.53e-01    1.91e-02      4.84e-02    2.96e-01    3.2e-04
  32000      1.45e+00    3.96e+00      1.68e-01    4.56e-02      6.21e-02    3.30e-01    2.8e-04
  34000      8.81e-01    2.55e+00      8.98e-02    1.50e-01      5.07e-02    2.04e-01    2.5e-04
  36000      1.31e+00    3.75e+00      1.56e-01    4.41e-02      5.47e-02    3.53e-01    2.2e-04
  38000      8.25e-01    1.15e+00      8.38e-02    7.92e-02      5.26e-02    9.80e-02    2.0e-04
  40000      5.91e-01    4.13e-01      5.80e-02    4.86e-02      4.17e-02    1.92e-02    1.7e-04
  42000      6.89e-01    2.80e+00      6.84e-02    3.42e-02      5.04e-02    3.15e-01    1.5e-04
  44000      6.90e-01    2.69e+00      6.55e-02    7.07e-04      5.65e-02    3.23e-01    1.4e-04
  46000      5.80e-01    2.13e+00      4.88e-02    3.68e-02      5.60e-02    2.70e-01    1.2e-04
  48000      7.34e-01    2.10e+00      8.14e-02    2.33e-02      5.02e-02    2.84e-01    1.1e-04
  50000      6.10e-01    2.21e+00      5.69e-02    4.64e-03      6.02e-02    3.19e-01    9.5e-05
  52000      4.71e-01    1.96e+00      4.73e-02    3.46e-02      4.44e-02    2.96e-01    8.4e-05
  54000      4.53e-01    1.74e+00      4.01e-02    2.31e-02      5.27e-02    2.80e-01    7.4e-05
  56000      4.23e-01    1.68e+00      3.66e-02    5.00e-03      5.33e-02    2.89e-01    6.6e-05
  58000      2.99e-01    1.59e+00      1.68e-02    1.89e-02      4.90e-02    2.89e-01    5.8e-05
  60000      4.09e-01    1.58e+00      3.35e-02    7.97e-03      6.04e-02    3.06e-01    5.1e-05
  62000      3.94e-01    1.48e+00      4.03e-02    1.05e-02      4.76e-02    3.04e-01    4.5e-05
  64000      2.24e-01    7.75e-02      9.53e-03    6.48e-03      4.60e-02    1.26e-02    4.0e-05
  66000      2.67e-01    1.29e+00      2.25e-02    1.71e-02      4.59e-02    2.96e-01    3.6e-05
  68000      2.11e-01    1.25e+00      1.93e-03    3.92e-02      5.13e-02    2.95e-01    3.2e-05
  70000      2.11e-01    4.82e-01      1.34e-02    2.13e-02      4.72e-02    1.17e-01    2.8e-05
  72000      3.09e-01    7.80e-01      2.52e-02    2.69e-02      6.42e-02    2.05e-01    2.5e-05
  74000      2.58e-01    9.56e-01      2.35e-02    1.13e-02      5.16e-02    2.76e-01    2.2e-05
  76000      1.67e-01    1.09e+00      3.44e-03    3.30e-02      5.05e-02    3.23e-01    1.9e-05
  78000      1.51e-01    6.53e-01      8.71e-03    3.44e-02      4.34e-02    1.92e-01    1.7e-05
  80000      2.18e-01    4.83e-01      1.65e-02    1.47e-02      5.94e-02    1.60e-01    1.5e-05
  82000      2.58e-01    9.07e-01      2.38e-02    4.89e-02      6.33e-02    2.95e-01    1.3e-05
  84000      1.36e-01    6.65e-01      6.67e-04    1.42e-02      5.17e-02    2.49e-01    1.2e-05
  86000      1.02e-01    6.68e-01      2.54e-04    3.06e-03      4.07e-02    2.67e-01    1.1e-05
  88000      1.13e-01    8.33e-01      1.41e-03    2.43e-02      4.75e-02    3.41e-01    9.3e-06
  90000      1.10e-01    7.13e-01      4.63e-03    9.05e-03      4.58e-02    3.14e-01    8.2e-06
  92000      1.20e-01    6.99e-01      5.35e-03    1.92e-03      5.21e-02    3.24e-01    7.3e-06
  94000      1.28e-01    6.95e-01      9.94e-03    2.59e-03      4.89e-02    3.38e-01    6.4e-06
  96000      1.14e-01    6.65e-01      2.92e-03    2.48e-02      5.66e-02    3.23e-01    5.7e-06
  98000      1.13e-01    6.07e-01      3.24e-03    2.69e-02      5.86e-02    3.02e-01    5.1e-06
 100000      8.78e-02    5.81e-01      1.55e-03    2.42e-02      4.84e-02    3.05e-01    4.5e-06
 102000      1.10e-01    5.55e-01      5.62e-03    9.54e-03      5.85e-02    3.18e-01    4.0e-06
 104000      8.93e-02    5.40e-01      5.40e-04    3.20e-02      5.38e-02    2.87e-01    3.5e-06
 106000      8.57e-02    4.81e-01      1.57e-03    1.92e-02      5.31e-02    2.86e-01    3.1e-06
 108000      7.61e-02    4.93e-01      1.44e-03    2.58e-03      4.88e-02    3.20e-01    2.7e-06
 110000      8.42e-02    4.40e-01      2.58e-03    1.91e-03      5.49e-02    2.95e-01    2.4e-06
 112000      7.72e-02    4.53e-01      1.54e-03    5.57e-03      5.30e-02    3.13e-01    2.2e-06
 114000      9.32e-02    4.18e-01      9.99e-04    1.27e-02      6.65e-02    2.90e-01    1.9e-06
 116000      6.72e-02    4.32e-01      2.81e-03    3.96e-03      4.67e-02    3.18e-01    1.7e-06
 118000      6.58e-02    4.53e-01      2.39e-03    2.12e-02      4.77e-02    3.18e-01    1.5e-06
 120000      6.27e-02    4.60e-02      2.00e-03    2.99e-03      4.71e-02    3.05e-02    1.3e-06
 122000      6.49e-02    6.38e-01      8.75e-04    5.28e-02      5.12e-02    3.80e-01    1.2e-06
 124000      6.91e-02    4.36e-01      4.08e-03    3.30e-02      4.95e-02    2.82e-01    1.0e-06
 126000      6.74e-02    4.22e-01      1.77e-03    3.31e-02      5.46e-02    2.73e-01    9.1e-07
 128000      5.89e-02    3.81e-01      2.59e-03    1.87e-02      4.65e-02    2.95e-01    8.1e-07
 130000      5.67e-02    4.57e-01      6.94e-04    3.54e-02      4.85e-02    3.07e-01    7.2e-07
 132000      6.64e-02    3.26e-01      2.47e-03    1.30e-04      5.52e-02    2.84e-01    6.3e-07
 134000      6.45e-02    3.56e-01      1.32e-03    1.05e-02      5.62e-02    3.06e-01    5.6e-07
 136000      5.67e-02    3.35e-01      3.14e-03    5.35e-03      4.55e-02    2.97e-01    5.0e-07
 138000      5.09e-02    3.79e-01      1.90e-03    1.51e-02      4.40e-02    3.25e-01    4.4e-07
 140000      7.12e-02    3.39e-01      3.65e-03    6.45e-03      5.94e-02    3.07e-01    3.9e-07
 142000      6.31e-02    4.36e-01      1.53e-03    3.74e-02      5.72e-02    2.93e-01    3.4e-07
 144000      5.38e-02    3.38e-01      1.73e-03    1.76e-02      4.84e-02    2.86e-01    3.0e-07
 146000      6.74e-02    3.71e-01      1.50e-03    1.48e-02      6.23e-02    3.30e-01    2.7e-07
 148000      6.80e-02    2.98e-01      5.62e-04    1.10e-02      6.41e-02    2.69e-01    2.4e-07
 150000      6.15e-02    3.18e-01      1.62e-03    6.28e-03      5.72e-02    2.99e-01    2.1e-07
 152000      6.79e-02    2.84e-01      5.49e-04    2.34e-02      6.48e-02    2.04e-01    1.9e-07
 154000      4.89e-02    3.65e-01      7.45e-04    2.65e-02      4.66e-02    2.85e-01    1.7e-07
 156000      5.17e-02    3.43e-01      2.13e-03    7.12e-03      4.71e-02    3.26e-01    1.5e-07
 158000      6.02e-02    2.01e-01      1.47e-03    1.58e-02      5.72e-02    1.51e-01    1.3e-07
 160000      6.77e-02    3.20e-01      2.86e-03    3.65e-03      6.20e-02    3.10e-01    1.1e-07
 162000      5.52e-02    4.20e-01      1.68e-03    3.71e-02      5.22e-02    2.91e-01    1.0e-07
 164000      5.46e-02    3.67e-01      2.11e-03    3.04e-02      5.08e-02    2.69e-01    9.0e-08
 166000      9.16e-02    3.18e-01      7.90e-03    1.08e-02      6.50e-02    3.00e-01    8.0e-08
 168000      5.75e-02    2.67e-01      2.16e-03    1.79e-03      5.39e-02    2.62e-01    7.0e-08
 170000      5.78e-02    3.20e-01      1.20e-03    1.81e-02      5.61e-02    2.81e-01    6.2e-08
 172000      5.22e-02    3.17e-01      3.00e-03    2.67e-03      4.57e-02    3.12e-01    5.5e-08
 174000      4.71e-02    3.05e-01      2.33e-03    6.62e-03      4.27e-02    2.97e-01    4.9e-08
 176000      5.26e-02    2.99e-01      1.09e-03    4.03e-03      5.13e-02    2.94e-01    4.3e-08
 178000      5.14e-02    3.78e-01      5.24e-04    2.16e-02      5.07e-02    3.33e-01    3.8e-08
 180000      6.82e-02    3.42e-02      3.07e-03    3.64e-03      6.31e-02    1.78e-02    3.4e-08
 182000      6.23e-02    3.40e-01      8.10e-04    2.11e-02      6.15e-02    2.94e-01    3.0e-08
 184000      5.50e-02    3.17e-01      1.84e-03    8.89e-03      5.27e-02    3.07e-01    2.7e-08
 186000      6.57e-02    3.83e-01      1.99e-03    3.28e-02      6.34e-02    2.78e-01    2.4e-08
 188000      5.64e-02    3.48e-01      6.19e-04    1.57e-02      5.59e-02    3.23e-01    2.1e-08
 190000      6.74e-02    3.56e-01      3.28e-03    1.79e-02      6.18e-02    3.24e-01    1.8e-08
 192000      5.66e-02    3.02e-01      2.45e-04    1.43e-02      5.64e-02    2.79e-01    1.6e-08
 194000      5.40e-02    3.44e-01      1.09e-03    8.94e-03      5.31e-02    3.35e-01    1.4e-08
 196000      6.06e-02    3.29e-01      1.35e-03    6.08e-03      5.94e-02    3.24e-01    1.3e-08
 198000      6.32e-02    3.60e-01      9.87e-04    2.86e-02      6.26e-02    2.77e-01    1.1e-08
 200000      6.87e-02    3.35e-01      3.34e-03    1.05e-02      6.32e-02    3.24e-01    1.0e-08
