Removing intel version 2021.1.2
Removing oclfpga version 2021.1.2
Removing intel-dpl version 2021.1.2
Removing intel-debugger version 10.0.0
Removing intel-mkl version 2021.1.1
Removing intel-tbb version 2021.1.1
Removing intel-rt version 2021.1.2
Warning: ieee_inexact is signaling
FORTRAN STOP
Warning: ieee_inexact is signaling
FORTRAN STOP
Warning: ieee_divide_by_zero is signaling
Warning: ieee_inexact is signaling
FORTRAN STOP
Warning: ieee_inexact is signaling
FORTRAN STOP
Warning: ieee_inexact is signaling
FORTRAN STOP
Warning: ieee_divide_by_zero is signaling
Warning: ieee_inexact is signaling
FORTRAN STOP
Warning: ieee_inexact is signaling
FORTRAN STOP
Warning: ieee_inexact is signaling
FORTRAN STOP

 %%%%%%%%%%%%%%%%%%%%%%%%%%%%%%%%%%%%%%%%%%%%%%%%%%%%%%%%%%%%%%%%%%%%%%%%%%%%%%
     Error in routine fft_scatter_many_columns_to_planes_store (1):
 cudaMemcpy2DAsync failed :
 %%%%%%%%%%%%%%%%%%%%%%%%%%%%%%%%%%%%%%%%%%%%%%%%%%%%%%%%%%%%%%%%%%%%%%%%%%%%%%

     stopping ...
--------------------------------------------------------------------------
MPI_ABORT was invoked on rank 0 in communicator MPI_COMM_WORLD
with errorcode 1.

NOTE: invoking MPI_ABORT causes Open MPI to kill all MPI processes.
You may or may not see output from other processes, depending on
exactly when Open MPI kills them.
--------------------------------------------------------------------------
slurmstepd: error: *** STEP 47597150.2 ON della-i14g5 CANCELLED AT 2023-05-08T15:25:35 ***
srun: Job step aborted: Waiting up to 47 seconds for job step to finish.
srun: error: della-i14g5: tasks 0-3: Killed
srun: launch/slurm: _step_signal: Terminating StepId=47597150.2

 %%%%%%%%%%%%%%%%%%%%%%%%%%%%%%%%%%%%%%%%%%%%%%%%%%%%%%%%%%%%%%%%%%%%%%%%%%%%%%
     Error in routine fft_scatter_many_columns_to_planes_store (1):
 cudaMemcpy2DAsync failed :
 %%%%%%%%%%%%%%%%%%%%%%%%%%%%%%%%%%%%%%%%%%%%%%%%%%%%%%%%%%%%%%%%%%%%%%%%%%%%%%

     stopping ...
--------------------------------------------------------------------------
MPI_ABORT was invoked on rank 0 in communicator MPI_COMM_WORLD
with errorcode 1.

NOTE: invoking MPI_ABORT causes Open MPI to kill all MPI processes.
You may or may not see output from other processes, depending on
exactly when Open MPI kills them.
--------------------------------------------------------------------------
slurmstepd: error: *** STEP 47597150.3 ON della-i14g5 CANCELLED AT 2023-05-08T15:26:42 ***
srun: Job step aborted: Waiting up to 47 seconds for job step to finish.
srun: error: della-i14g5: tasks 0-3: Killed
srun: launch/slurm: _step_signal: Terminating StepId=47597150.3
Warning: ieee_inexact is signaling
Warning: ieee_inexact is signaling
FORTRAN STOP
Warning: ieee_inexact is signaling
FORTRAN STOP
FORTRAN STOP
Warning: ieee_divide_by_zero is signaling
Warning: ieee_inexact is signaling
FORTRAN STOP
Warning: ieee_inexact is signaling
Warning: ieee_inexact is signaling
FORTRAN STOP
Warning: ieee_inexact is signaling
FORTRAN STOP
FORTRAN STOP
Warning: ieee_divide_by_zero is signaling
Warning: ieee_inexact is signaling
FORTRAN STOP
Warning: ieee_inexact is signaling
FORTRAN STOP
Warning: ieee_divide_by_zero is signaling
Warning: ieee_inexact is signaling
FORTRAN STOP
Warning: ieee_inexact is signaling
FORTRAN STOP
Warning: ieee_inexact is signaling
FORTRAN STOP
Warning: ieee_divide_by_zero is signaling
Warning: ieee_inexact is signaling
FORTRAN STOP
Warning: ieee_inexact is signaling
FORTRAN STOP
Warning: ieee_inexact is signaling
FORTRAN STOP
Warning: ieee_inexact is signaling
FORTRAN STOP
Warning: ieee_divide_by_zero is signaling
Warning: ieee_inexact is signaling
FORTRAN STOP
Warning: ieee_inexact is signaling
FORTRAN STOP
Warning: ieee_inexact is signaling
FORTRAN STOP
Warning: ieee_inexact is signaling
FORTRAN STOP

 %%%%%%%%%%%%%%%%%%%%%%%%%%%%%%%%%%%%%%%%%%%%%%%%%%%%%%%%%%%%%%%%%%%%%%%%%%%%%%
     Error in routine fft_scatter_many_columns_to_planes_store (1):
 cudaMemcpy2DAsync failed :
 %%%%%%%%%%%%%%%%%%%%%%%%%%%%%%%%%%%%%%%%%%%%%%%%%%%%%%%%%%%%%%%%%%%%%%%%%%%%%%

     stopping ...

 %%%%%%%%%%%%%%%%%%%%%%%%%%%%%%%%%%%%%%%%%%%%%%%%%%%%%%%%%%%%%%%%%%%%%%%%%%%%%%
     Error in routine fft_scatter_many_columns_to_planes_store (1):
 cudaMemcpy2DAsync failed :
 %%%%%%%%%%%%%%%%%%%%%%%%%%%%%%%%%%%%%%%%%%%%%%%%%%%%%%%%%%%%%%%%%%%%%%%%%%%%%%

     stopping ...
--------------------------------------------------------------------------
MPI_ABORT was invoked on rank 1 in communicator MPI_COMM_WORLD
with errorcode 1.

NOTE: invoking MPI_ABORT causes Open MPI to kill all MPI processes.
You may or may not see output from other processes, depending on
exactly when Open MPI kills them.
--------------------------------------------------------------------------
--------------------------------------------------------------------------
MPI_ABORT was invoked on rank 0 in communicator MPI_COMM_WORLD
with errorcode 1.

NOTE: invoking MPI_ABORT causes Open MPI to kill all MPI processes.
You may or may not see output from other processes, depending on
exactly when Open MPI kills them.
--------------------------------------------------------------------------
slurmstepd: error: *** STEP 47597150.9 ON della-i14g5 CANCELLED AT 2023-05-08T15:28:42 ***
srun: Job step aborted: Waiting up to 47 seconds for job step to finish.
srun: error: della-i14g5: tasks 0-3: Killed
srun: launch/slurm: _step_signal: Terminating StepId=47597150.9
Warning: ieee_inexact is signaling
FORTRAN STOP
Warning: ieee_divide_by_zero is signaling
Warning: ieee_inexact is signaling
FORTRAN STOP
Warning: ieee_inexact is signaling
FORTRAN STOP
Warning: ieee_inexact is signaling
FORTRAN STOP
Warning: ieee_divide_by_zero is signaling
Warning: ieee_inexact is signaling
FORTRAN STOP
Warning: ieee_inexact is signaling
FORTRAN STOP
Warning: ieee_inexact is signaling
FORTRAN STOP
Warning: ieee_inexact is signaling
FORTRAN STOP
Warning: ieee_inexact is signaling
FORTRAN STOP
Warning: ieee_divide_by_zero is signaling
Warning: ieee_inexact is signaling
FORTRAN STOP
Warning: ieee_inexact is signaling
FORTRAN STOP
Warning: ieee_inexact is signaling
FORTRAN STOP

 %%%%%%%%%%%%%%%%%%%%%%%%%%%%%%%%%%%%%%%%%%%%%%%%%%%%%%%%%%%%%%%%%%%%%%%%%%%%%%
     Error in routine fft_scatter_many_columns_to_planes_store (1):
 cudaMemcpy2DAsync failed :
 %%%%%%%%%%%%%%%%%%%%%%%%%%%%%%%%%%%%%%%%%%%%%%%%%%%%%%%%%%%%%%%%%%%%%%%%%%%%%%

     stopping ...
--------------------------------------------------------------------------
MPI_ABORT was invoked on rank 0 in communicator MPI_COMM_WORLD
with errorcode 1.

NOTE: invoking MPI_ABORT causes Open MPI to kill all MPI processes.
You may or may not see output from other processes, depending on
exactly when Open MPI kills them.
--------------------------------------------------------------------------
srun: Job step aborted: Waiting up to 47 seconds for job step to finish.
slurmstepd: error: *** STEP 47597150.13 ON della-i14g5 CANCELLED AT 2023-05-08T15:30:17 ***
srun: error: della-i14g5: tasks 0-3: Killed
srun: launch/slurm: _step_signal: Terminating StepId=47597150.13
Warning: ieee_divide_by_zero is signaling
Warning: ieee_inexact is signaling
FORTRAN STOP
Warning: ieee_inexact is signaling
FORTRAN STOP
Warning: ieee_inexact is signaling
FORTRAN STOP
Warning: ieee_inexact is signaling
FORTRAN STOP
Warning: ieee_inexact is signaling
Warning: ieee_inexact is signaling
FORTRAN STOP
Warning: ieee_inexact is signaling
FORTRAN STOP
Warning: ieee_divide_by_zero is signaling
Warning: ieee_inexact is signaling
FORTRAN STOP
FORTRAN STOP
Warning: ieee_divide_by_zero is signaling
Warning: ieee_inexact is signaling
FORTRAN STOP
Warning: ieee_inexact is signaling
FORTRAN STOP
Warning: ieee_inexact is signaling
FORTRAN STOP
Warning: ieee_inexact is signaling
FORTRAN STOP
Warning: ieee_inexact is signaling
FORTRAN STOP
Warning: ieee_divide_by_zero is signaling
Warning: ieee_inexact is signaling
FORTRAN STOP
Warning: ieee_inexact is signaling
FORTRAN STOP
Warning: ieee_inexact is signaling
FORTRAN STOP
Warning: ieee_inexact is signaling
FORTRAN STOP
Warning: ieee_divide_by_zero is signaling
Warning: ieee_inexact is signaling
FORTRAN STOP
Warning: ieee_inexact is signaling
FORTRAN STOP
Warning: ieee_inexact is signaling
FORTRAN STOP
Warning: ieee_divide_by_zero is signaling
Warning: ieee_inexact is signaling
FORTRAN STOP
Warning: ieee_inexact is signaling
FORTRAN STOP
Warning: ieee_inexact is signaling
FORTRAN STOP
Warning: ieee_inexact is signaling
FORTRAN STOP
Warning: ieee_inexact is signaling
FORTRAN STOP
Warning: ieee_inexact is signaling
FORTRAN STOP
Warning: ieee_inexact is signaling
FORTRAN STOP
Warning: ieee_divide_by_zero is signaling
Warning: ieee_inexact is signaling
FORTRAN STOP
Warning: ieee_inexact is signaling
FORTRAN STOP
Warning: ieee_inexact is signaling
FORTRAN STOP
Warning: ieee_divide_by_zero is signaling
Warning: ieee_inexact is signaling
FORTRAN STOP
Warning: ieee_inexact is signaling
FORTRAN STOP
Warning: ieee_inexact is signaling
FORTRAN STOP
Warning: ieee_inexact is signaling
FORTRAN STOP
Warning: ieee_inexact is signaling
FORTRAN STOP
Warning: ieee_divide_by_zero is signaling
Warning: ieee_inexact is signaling
FORTRAN STOP
Warning: ieee_inexact is signaling
Warning: ieee_inexact is signaling
FORTRAN STOP
Warning: ieee_divide_by_zero is signaling
Warning: ieee_inexact is signaling
FORTRAN STOP
FORTRAN STOP
Warning: ieee_inexact is signaling
FORTRAN STOP
Warning: ieee_divide_by_zero is signaling
Warning: ieee_inexact is signaling
FORTRAN STOP
Warning: ieee_inexact is signaling
FORTRAN STOP
Warning: ieee_inexact is signaling
FORTRAN STOP
Warning: ieee_inexact is signaling
FORTRAN STOP
Warning: ieee_inexact is signaling
FORTRAN STOP
Warning: ieee_inexact is signaling
FORTRAN STOP
Warning: ieee_inexact is signaling
FORTRAN STOP
Warning: ieee_divide_by_zero is signaling
Warning: ieee_inexact is signaling
FORTRAN STOP
Warning: ieee_inexact is signaling
Warning: ieee_inexact is signaling
FORTRAN STOP
Warning: ieee_divide_by_zero is signaling
Warning: ieee_inexact is signaling
FORTRAN STOP
Warning: ieee_inexact is signaling
FORTRAN STOP
FORTRAN STOP
Warning: ieee_inexact is signaling
FORTRAN STOP
Warning: ieee_inexact is signaling
FORTRAN STOP
Warning: ieee_inexact is signaling
FORTRAN STOP
Warning: ieee_divide_by_zero is signaling
Warning: ieee_inexact is signaling
FORTRAN STOP
Warning: ieee_inexact is signaling
Warning: ieee_divide_by_zero is signaling
Warning: ieee_inexact is signaling
FORTRAN STOP
Warning: ieee_inexact is signaling
FORTRAN STOP
Warning: ieee_inexact is signaling
FORTRAN STOP
FORTRAN STOP
Warning: ieee_divide_by_zero is signaling
Warning: ieee_inexact is signaling
FORTRAN STOP
Warning: ieee_inexact is signaling
FORTRAN STOP
Warning: ieee_inexact is signaling
FORTRAN STOP
Warning: ieee_inexact is signaling
FORTRAN STOP

 %%%%%%%%%%%%%%%%%%%%%%%%%%%%%%%%%%%%%%%%%%%%%%%%%%%%%%%%%%%%%%%%%%%%%%%%%%%%%%
     Error in routine fft_scatter_many_columns_to_planes_store (1):
 cudaMemcpy2DAsync failed :
 %%%%%%%%%%%%%%%%%%%%%%%%%%%%%%%%%%%%%%%%%%%%%%%%%%%%%%%%%%%%%%%%%%%%%%%%%%%%%%

     stopping ...
--------------------------------------------------------------------------
MPI_ABORT was invoked on rank 1 in communicator MPI_COMM_WORLD
with errorcode 1.

NOTE: invoking MPI_ABORT causes Open MPI to kill all MPI processes.
You may or may not see output from other processes, depending on
exactly when Open MPI kills them.
--------------------------------------------------------------------------
srun: Job step aborted: Waiting up to 47 seconds for job step to finish.
slurmstepd: error: *** STEP 47597150.30 ON della-i14g5 CANCELLED AT 2023-05-08T15:34:31 ***
srun: error: della-i14g5: tasks 0-3: Killed
srun: launch/slurm: _step_signal: Terminating StepId=47597150.30
Warning: ieee_divide_by_zero is signaling
Warning: ieee_inexact is signaling
FORTRAN STOP
Warning: ieee_inexact is signaling
FORTRAN STOP
Warning: ieee_inexact is signaling
FORTRAN STOP
Warning: ieee_inexact is signaling
FORTRAN STOP

 %%%%%%%%%%%%%%%%%%%%%%%%%%%%%%%%%%%%%%%%%%%%%%%%%%%%%%%%%%%%%%%%%%%%%%%%%%%%%%
     Error in routine fft_scatter_many_columns_to_planes_store (1):
 cudaMemcpy2DAsync failed :
 %%%%%%%%%%%%%%%%%%%%%%%%%%%%%%%%%%%%%%%%%%%%%%%%%%%%%%%%%%%%%%%%%%%%%%%%%%%%%%

     stopping ...

 %%%%%%%%%%%%%%%%%%%%%%%%%%%%%%%%%%%%%%%%%%%%%%%%%%%%%%%%%%%%%%%%%%%%%%%%%%%%%%
     Error in routine fft_scatter_many_columns_to_planes_store (1):
 cudaMemcpy2DAsync failed :
 %%%%%%%%%%%%%%%%%%%%%%%%%%%%%%%%%%%%%%%%%%%%%%%%%%%%%%%%%%%%%%%%%%%%%%%%%%%%%%

     stopping ...
--------------------------------------------------------------------------
MPI_ABORT was invoked on rank 0 in communicator MPI_COMM_WORLD
with errorcode 1.

NOTE: invoking MPI_ABORT causes Open MPI to kill all MPI processes.
You may or may not see output from other processes, depending on
exactly when Open MPI kills them.
--------------------------------------------------------------------------
--------------------------------------------------------------------------
MPI_ABORT was invoked on rank 1 in communicator MPI_COMM_WORLD
with errorcode 1.

NOTE: invoking MPI_ABORT causes Open MPI to kill all MPI processes.
You may or may not see output from other processes, depending on
exactly when Open MPI kills them.
--------------------------------------------------------------------------
slurmstepd: error: *** STEP 47597150.32 ON della-i14g5 CANCELLED AT 2023-05-08T15:35:51 ***
srun: Job step aborted: Waiting up to 47 seconds for job step to finish.
srun: error: della-i14g5: tasks 0-3: Killed
srun: launch/slurm: _step_signal: Terminating StepId=47597150.32
Warning: ieee_inexact is signaling
FORTRAN STOP
Warning: ieee_divide_by_zero is signaling
Warning: ieee_inexact is signaling
FORTRAN STOP
Warning: ieee_inexact is signaling
FORTRAN STOP
Warning: ieee_inexact is signaling
FORTRAN STOP
Warning: ieee_inexact is signaling
FORTRAN STOP
Warning: ieee_divide_by_zero is signaling
Warning: ieee_inexact is signaling
FORTRAN STOP
Warning: ieee_inexact is signaling
FORTRAN STOP
Warning: ieee_inexact is signaling
FORTRAN STOP
Warning: ieee_inexact is signaling
Warning: ieee_inexact is signaling
FORTRAN STOP
Warning: ieee_inexact is signaling
FORTRAN STOP
FORTRAN STOP
Warning: ieee_divide_by_zero is signaling
Warning: ieee_inexact is signaling
FORTRAN STOP
Warning: ieee_inexact is signaling
Warning: ieee_divide_by_zero is signaling
Warning: ieee_inexact is signaling
FORTRAN STOP
Warning: ieee_inexact is signaling
FORTRAN STOP
FORTRAN STOP
Warning: ieee_inexact is signaling
FORTRAN STOP
Warning: ieee_inexact is signaling
Warning: ieee_inexact is signaling
FORTRAN STOP
Warning: ieee_inexact is signaling
FORTRAN STOP
FORTRAN STOP
Warning: ieee_divide_by_zero is signaling
Warning: ieee_inexact is signaling
FORTRAN STOP
Warning: ieee_inexact is signaling
Warning: ieee_inexact is signaling
FORTRAN STOP
Warning: ieee_inexact is signaling
FORTRAN STOP
Warning: ieee_divide_by_zero is signaling
Warning: ieee_inexact is signaling
FORTRAN STOP
FORTRAN STOP
Warning: ieee_inexact is signaling
Warning: ieee_inexact is signaling
FORTRAN STOP
FORTRAN STOP
Warning: ieee_inexact is signaling
FORTRAN STOP
Warning: ieee_divide_by_zero is signaling
Warning: ieee_inexact is signaling
FORTRAN STOP
Warning: ieee_inexact is signaling
Warning: ieee_inexact is signaling
FORTRAN STOP
Warning: ieee_divide_by_zero is signaling
Warning: ieee_inexact is signaling
FORTRAN STOP
FORTRAN STOP
Warning: ieee_inexact is signaling
FORTRAN STOP
Warning: ieee_divide_by_zero is signaling
Warning: ieee_inexact is signaling
FORTRAN STOP
Warning: ieee_inexact is signaling
FORTRAN STOP
Warning: ieee_inexact is signaling
FORTRAN STOP
Warning: ieee_inexact is signaling
FORTRAN STOP
Warning: ieee_inexact is signaling
FORTRAN STOP
Warning: ieee_divide_by_zero is signaling
Warning: ieee_inexact is signaling
FORTRAN STOP
Warning: ieee_inexact is signaling
FORTRAN STOP
Warning: ieee_inexact is signaling
FORTRAN STOP
Warning: ieee_inexact is signaling
FORTRAN STOP
Warning: ieee_inexact is signaling
FORTRAN STOP
Warning: ieee_inexact is signaling
Warning: ieee_divide_by_zero is signaling
Warning: ieee_inexact is signaling
FORTRAN STOP
FORTRAN STOP
Warning: ieee_inexact is signaling
Warning: ieee_inexact is signaling
FORTRAN STOP
Warning: ieee_divide_by_zero is signaling
Warning: ieee_inexact is signaling
FORTRAN STOP
FORTRAN STOP
Warning: ieee_inexact is signaling
FORTRAN STOP
Warning: ieee_divide_by_zero is signaling
Warning: ieee_inexact is signaling
FORTRAN STOP
Warning: ieee_inexact is signaling
FORTRAN STOP
Warning: ieee_inexact is signaling
FORTRAN STOP
Warning: ieee_inexact is signaling
FORTRAN STOP
Warning: ieee_divide_by_zero is signaling
Warning: ieee_inexact is signaling
FORTRAN STOP
Warning: ieee_inexact is signaling
FORTRAN STOP
Warning: ieee_inexact is signaling
FORTRAN STOP
Warning: ieee_inexact is signaling
FORTRAN STOP
Warning: ieee_inexact is signaling
FORTRAN STOP
Warning: ieee_divide_by_zero is signaling
Warning: ieee_inexact is signaling
FORTRAN STOP
Warning: ieee_inexact is signaling
FORTRAN STOP
Warning: ieee_inexact is signaling
FORTRAN STOP
Warning: ieee_inexact is signaling
FORTRAN STOP
Warning: ieee_inexact is signaling
FORTRAN STOP
Warning: ieee_divide_by_zero is signaling
Warning: ieee_inexact is signaling
FORTRAN STOP
Warning: ieee_inexact is signaling
FORTRAN STOP
Warning: ieee_inexact is signaling
FORTRAN STOP
Warning: ieee_inexact is signaling
FORTRAN STOP
Warning: ieee_inexact is signaling
FORTRAN STOP
Warning: ieee_divide_by_zero is signaling
Warning: ieee_inexact is signaling
FORTRAN STOP
Warning: ieee_divide_by_zero is signaling
Warning: ieee_inexact is signaling
FORTRAN STOP
Warning: ieee_inexact is signaling
FORTRAN STOP
Warning: ieee_inexact is signaling
FORTRAN STOP
Warning: ieee_inexact is signaling
FORTRAN STOP
Warning: ieee_inexact is signaling
FORTRAN STOP
Warning: ieee_divide_by_zero is signaling
Warning: ieee_inexact is signaling
FORTRAN STOP
Warning: ieee_inexact is signaling
FORTRAN STOP
Warning: ieee_inexact is signaling
FORTRAN STOP
Warning: ieee_inexact is signaling
FORTRAN STOP
Warning: ieee_divide_by_zero is signaling
Warning: ieee_inexact is signaling
FORTRAN STOP
Warning: ieee_inexact is signaling
FORTRAN STOP
Warning: ieee_inexact is signaling
FORTRAN STOP

 %%%%%%%%%%%%%%%%%%%%%%%%%%%%%%%%%%%%%%%%%%%%%%%%%%%%%%%%%%%%%%%%%%%%%%%%%%%%%%
     Error in routine fft_scatter_many_columns_to_planes_store (1):
 cudaMemcpy2DAsync failed :
 %%%%%%%%%%%%%%%%%%%%%%%%%%%%%%%%%%%%%%%%%%%%%%%%%%%%%%%%%%%%%%%%%%%%%%%%%%%%%%

     stopping ...
--------------------------------------------------------------------------
MPI_ABORT was invoked on rank 0 in communicator MPI_COMM_WORLD
with errorcode 1.

NOTE: invoking MPI_ABORT causes Open MPI to kill all MPI processes.
You may or may not see output from other processes, depending on
exactly when Open MPI kills them.
--------------------------------------------------------------------------
slurmstepd: error: *** STEP 47597150.53 ON della-i14g5 CANCELLED AT 2023-05-08T15:40:27 ***
srun: Job step aborted: Waiting up to 47 seconds for job step to finish.
srun: error: della-i14g5: tasks 0-3: Killed
srun: launch/slurm: _step_signal: Terminating StepId=47597150.53
Warning: ieee_inexact is signaling
FORTRAN STOP
Warning: ieee_divide_by_zero is signaling
Warning: ieee_inexact is signaling
FORTRAN STOP
Warning: ieee_inexact is signaling
FORTRAN STOP
Warning: ieee_inexact is signaling
FORTRAN STOP
Warning: ieee_inexact is signaling
Warning: ieee_inexact is signaling
FORTRAN STOP
FORTRAN STOP
Warning: ieee_divide_by_zero is signaling
Warning: ieee_inexact is signaling
FORTRAN STOP
Warning: ieee_inexact is signaling
FORTRAN STOP
Warning: ieee_divide_by_zero is signaling
Warning: ieee_inexact is signaling
FORTRAN STOP
Warning: ieee_inexact is signaling
FORTRAN STOP
Warning: ieee_inexact is signaling
FORTRAN STOP
Warning: ieee_inexact is signaling
FORTRAN STOP
Warning: ieee_inexact is signaling
FORTRAN STOP
Warning: ieee_divide_by_zero is signaling
Warning: ieee_inexact is signaling
FORTRAN STOP
Warning: ieee_inexact is signaling
FORTRAN STOP
Warning: ieee_inexact is signaling
FORTRAN STOP
Warning: ieee_inexact is signaling
FORTRAN STOP
Warning: ieee_inexact is signaling
FORTRAN STOP
Warning: ieee_inexact is signaling
FORTRAN STOP
Warning: ieee_divide_by_zero is signaling
Warning: ieee_inexact is signaling
FORTRAN STOP
Warning: ieee_inexact is signaling
FORTRAN STOP
Warning: ieee_divide_by_zero is signaling
Warning: ieee_inexact is signaling
FORTRAN STOP
Warning: ieee_inexact is signaling
FORTRAN STOP
Warning: ieee_inexact is signaling
FORTRAN STOP
Warning: ieee_inexact is signaling
FORTRAN STOP
Warning: ieee_inexact is signaling
FORTRAN STOP
Warning: ieee_inexact is signaling
FORTRAN STOP
Warning: ieee_divide_by_zero is signaling
Warning: ieee_inexact is signaling
FORTRAN STOP

 %%%%%%%%%%%%%%%%%%%%%%%%%%%%%%%%%%%%%%%%%%%%%%%%%%%%%%%%%%%%%%%%%%%%%%%%%%%%%%
     Error in routine fft_scatter_many_columns_to_planes_store (1):
 cudaMemcpy2DAsync failed :
 %%%%%%%%%%%%%%%%%%%%%%%%%%%%%%%%%%%%%%%%%%%%%%%%%%%%%%%%%%%%%%%%%%%%%%%%%%%%%%

     stopping ...
--------------------------------------------------------------------------
MPI_ABORT was invoked on rank 1 in communicator MPI_COMM_WORLD
with errorcode 1.

NOTE: invoking MPI_ABORT causes Open MPI to kill all MPI processes.
You may or may not see output from other processes, depending on
exactly when Open MPI kills them.
--------------------------------------------------------------------------
srun: Job step aborted: Waiting up to 47 seconds for job step to finish.
slurmstepd: error: *** STEP 47597150.61 ON della-i14g5 CANCELLED AT 2023-05-08T15:42:47 ***
srun: error: della-i14g5: tasks 0-3: Killed
srun: launch/slurm: _step_signal: Terminating StepId=47597150.61
Warning: ieee_divide_by_zero is signaling
Warning: ieee_inexact is signaling
FORTRAN STOP
Warning: ieee_inexact is signaling
FORTRAN STOP
Warning: ieee_inexact is signaling
FORTRAN STOP
Warning: ieee_inexact is signaling
FORTRAN STOP
Warning: ieee_inexact is signaling
FORTRAN STOP
Warning: ieee_inexact is signaling
FORTRAN STOP
Warning: ieee_inexact is signaling
FORTRAN STOP
Warning: ieee_divide_by_zero is signaling
Warning: ieee_inexact is signaling
FORTRAN STOP
Warning: ieee_divide_by_zero is signaling
Warning: ieee_inexact is signaling
FORTRAN STOP
Warning: ieee_inexact is signaling
FORTRAN STOP
Warning: ieee_inexact is signaling
FORTRAN STOP
Warning: ieee_inexact is signaling
FORTRAN STOP
Warning: ieee_inexact is signaling
FORTRAN STOP
Warning: ieee_inexact is signaling
FORTRAN STOP
Warning: ieee_divide_by_zero is signaling
Warning: ieee_inexact is signaling
FORTRAN STOP
Warning: ieee_inexact is signaling
FORTRAN STOP

 %%%%%%%%%%%%%%%%%%%%%%%%%%%%%%%%%%%%%%%%%%%%%%%%%%%%%%%%%%%%%%%%%%%%%%%%%%%%%%
     Error in routine fft_scatter_many_columns_to_planes_store (1):
 cudaMemcpy2DAsync failed :
 %%%%%%%%%%%%%%%%%%%%%%%%%%%%%%%%%%%%%%%%%%%%%%%%%%%%%%%%%%%%%%%%%%%%%%%%%%%%%%

     stopping ...

 %%%%%%%%%%%%%%%%%%%%%%%%%%%%%%%%%%%%%%%%%%%%%%%%%%%%%%%%%%%%%%%%%%%%%%%%%%%%%%
     Error in routine fft_scatter_many_columns_to_planes_store (1):
 cudaMemcpy2DAsync failed :
 %%%%%%%%%%%%%%%%%%%%%%%%%%%%%%%%%%%%%%%%%%%%%%%%%%%%%%%%%%%%%%%%%%%%%%%%%%%%%%

     stopping ...
--------------------------------------------------------------------------
MPI_ABORT was invoked on rank 0 in communicator MPI_COMM_WORLD
with errorcode 1.

NOTE: invoking MPI_ABORT causes Open MPI to kill all MPI processes.
You may or may not see output from other processes, depending on
exactly when Open MPI kills them.
--------------------------------------------------------------------------
--------------------------------------------------------------------------
MPI_ABORT was invoked on rank 1 in communicator MPI_COMM_WORLD
with errorcode 1.

NOTE: invoking MPI_ABORT causes Open MPI to kill all MPI processes.
You may or may not see output from other processes, depending on
exactly when Open MPI kills them.
--------------------------------------------------------------------------
slurmstepd: error: *** STEP 47597150.66 ON della-i14g5 CANCELLED AT 2023-05-08T15:44:27 ***
srun: Job step aborted: Waiting up to 47 seconds for job step to finish.
srun: error: della-i14g5: tasks 0-3: Killed
srun: launch/slurm: _step_signal: Terminating StepId=47597150.66

 %%%%%%%%%%%%%%%%%%%%%%%%%%%%%%%%%%%%%%%%%%%%%%%%%%%%%%%%%%%%%%%%%%%%%%%%%%%%%%
     Error in routine fft_scatter_many_columns_to_planes_store (1):
 cudaMemcpy2DAsync failed :
 %%%%%%%%%%%%%%%%%%%%%%%%%%%%%%%%%%%%%%%%%%%%%%%%%%%%%%%%%%%%%%%%%%%%%%%%%%%%%%

     stopping ...
--------------------------------------------------------------------------
MPI_ABORT was invoked on rank 1 in communicator MPI_COMM_WORLD
with errorcode 1.

NOTE: invoking MPI_ABORT causes Open MPI to kill all MPI processes.
You may or may not see output from other processes, depending on
exactly when Open MPI kills them.
--------------------------------------------------------------------------
slurmstepd: error: *** STEP 47597150.67 ON della-i14g5 CANCELLED AT 2023-05-08T15:45:29 ***
srun: Job step aborted: Waiting up to 47 seconds for job step to finish.
srun: error: della-i14g5: tasks 0-3: Killed
srun: launch/slurm: _step_signal: Terminating StepId=47597150.67
Warning: ieee_inexact is signaling
FORTRAN STOP
Warning: ieee_divide_by_zero is signaling
Warning: ieee_inexact is signaling
FORTRAN STOP
Warning: ieee_inexact is signaling
FORTRAN STOP
Warning: ieee_inexact is signaling
FORTRAN STOP
Warning: ieee_inexact is signaling
FORTRAN STOP
Warning: ieee_divide_by_zero is signaling
Warning: ieee_inexact is signaling
FORTRAN STOP
Warning: ieee_inexact is signaling
FORTRAN STOP
Warning: ieee_inexact is signaling
FORTRAN STOP
Warning: ieee_inexact is signaling
FORTRAN STOP
Warning: ieee_divide_by_zero is signaling
Warning: ieee_inexact is signaling
FORTRAN STOP
Warning: ieee_inexact is signaling
FORTRAN STOP
Warning: ieee_inexact is signaling
FORTRAN STOP
Warning: ieee_divide_by_zero is signaling
Warning: ieee_inexact is signaling
FORTRAN STOP
Warning: ieee_inexact is signaling
FORTRAN STOP
Warning: ieee_inexact is signaling
FORTRAN STOP
Warning: ieee_inexact is signaling
FORTRAN STOP
Warning: ieee_inexact is signaling
FORTRAN STOP
Warning: ieee_inexact is signaling
Warning: ieee_inexact is signaling
FORTRAN STOP
FORTRAN STOP
Warning: ieee_divide_by_zero is signaling
Warning: ieee_inexact is signaling
FORTRAN STOP
Warning: ieee_divide_by_zero is signaling
Warning: ieee_inexact is signaling
FORTRAN STOP
Warning: ieee_inexact is signaling
FORTRAN STOP
Warning: ieee_inexact is signaling
FORTRAN STOP
Warning: ieee_inexact is signaling
FORTRAN STOP
Warning: ieee_inexact is signaling
Warning: ieee_divide_by_zero is signaling
Warning: ieee_inexact is signaling
FORTRAN STOP
Warning: ieee_inexact is signaling
FORTRAN STOP
FORTRAN STOP
Warning: ieee_inexact is signaling
FORTRAN STOP
Warning: ieee_inexact is signaling
FORTRAN STOP
Warning: ieee_divide_by_zero is signaling
Warning: ieee_inexact is signaling
FORTRAN STOP
Warning: ieee_inexact is signaling
FORTRAN STOP
Warning: ieee_inexact is signaling
FORTRAN STOP
Warning: ieee_inexact is signaling
FORTRAN STOP
Warning: ieee_divide_by_zero is signaling
Warning: ieee_inexact is signaling
FORTRAN STOP
Warning: ieee_inexact is signaling
FORTRAN STOP
Warning: ieee_inexact is signaling
FORTRAN STOP
Warning: ieee_inexact is signaling
FORTRAN STOP
Warning: ieee_inexact is signaling
FORTRAN STOP
Warning: ieee_inexact is signaling
FORTRAN STOP
Warning: ieee_divide_by_zero is signaling
Warning: ieee_inexact is signaling
FORTRAN STOP

 %%%%%%%%%%%%%%%%%%%%%%%%%%%%%%%%%%%%%%%%%%%%%%%%%%%%%%%%%%%%%%%%%%%%%%%%%%%%%%
     Error in routine fft_scatter_many_columns_to_planes_store (1):
 cudaMemcpy2DAsync failed :
 %%%%%%%%%%%%%%%%%%%%%%%%%%%%%%%%%%%%%%%%%%%%%%%%%%%%%%%%%%%%%%%%%%%%%%%%%%%%%%

     stopping ...

 %%%%%%%%%%%%%%%%%%%%%%%%%%%%%%%%%%%%%%%%%%%%%%%%%%%%%%%%%%%%%%%%%%%%%%%%%%%%%%
     Error in routine fft_scatter_many_columns_to_planes_store (1):
 cudaMemcpy2DAsync failed :
 %%%%%%%%%%%%%%%%%%%%%%%%%%%%%%%%%%%%%%%%%%%%%%%%%%%%%%%%%%%%%%%%%%%%%%%%%%%%%%

     stopping ...
--------------------------------------------------------------------------
MPI_ABORT was invoked on rank 0 in communicator MPI_COMM_WORLD
with errorcode 1.

NOTE: invoking MPI_ABORT causes Open MPI to kill all MPI processes.
You may or may not see output from other processes, depending on
exactly when Open MPI kills them.
--------------------------------------------------------------------------
--------------------------------------------------------------------------
MPI_ABORT was invoked on rank 1 in communicator MPI_COMM_WORLD
with errorcode 1.

NOTE: invoking MPI_ABORT causes Open MPI to kill all MPI processes.
You may or may not see output from other processes, depending on
exactly when Open MPI kills them.
--------------------------------------------------------------------------
srun: Job step aborted: Waiting up to 47 seconds for job step to finish.
slurmstepd: error: *** STEP 47597150.78 ON della-i14g5 CANCELLED AT 2023-05-08T15:48:11 ***
srun: error: della-i14g5: tasks 0-3: Killed
srun: launch/slurm: _step_signal: Terminating StepId=47597150.78
Warning: ieee_divide_by_zero is signaling
Warning: ieee_inexact is signaling
FORTRAN STOP
Warning: ieee_inexact is signaling
FORTRAN STOP
Warning: ieee_inexact is signaling
FORTRAN STOP
Warning: ieee_inexact is signaling
FORTRAN STOP
Warning: ieee_inexact is signaling
FORTRAN STOP
Warning: ieee_divide_by_zero is signaling
Warning: ieee_inexact is signaling
FORTRAN STOP
Warning: ieee_inexact is signaling
FORTRAN STOP
Warning: ieee_inexact is signaling
FORTRAN STOP
Warning: ieee_inexact is signaling
FORTRAN STOP
Warning: ieee_inexact is signaling
FORTRAN STOP
Warning: ieee_inexact is signaling
FORTRAN STOP
Warning: ieee_divide_by_zero is signaling
Warning: ieee_inexact is signaling
FORTRAN STOP
Warning: ieee_divide_by_zero is signaling
Warning: ieee_inexact is signaling
FORTRAN STOP
Warning: ieee_inexact is signaling
FORTRAN STOP
Warning: ieee_inexact is signaling
FORTRAN STOP
Warning: ieee_inexact is signaling
FORTRAN STOP
Warning: ieee_inexact is signaling
FORTRAN STOP
Warning: ieee_inexact is signaling
Warning: ieee_divide_by_zero is signaling
Warning: ieee_inexact is signaling
FORTRAN STOP
FORTRAN STOP
Warning: ieee_inexact is signaling
FORTRAN STOP
Warning: ieee_divide_by_zero is signaling
Warning: ieee_inexact is signaling
FORTRAN STOP
Warning: ieee_inexact is signaling
FORTRAN STOP
Warning: ieee_inexact is signaling
FORTRAN STOP
Warning: ieee_inexact is signaling
FORTRAN STOP

 %%%%%%%%%%%%%%%%%%%%%%%%%%%%%%%%%%%%%%%%%%%%%%%%%%%%%%%%%%%%%%%%%%%%%%%%%%%%%%
     Error in routine fft_scatter_many_columns_to_planes_store (1):
 cudaMemcpy2DAsync failed :
 %%%%%%%%%%%%%%%%%%%%%%%%%%%%%%%%%%%%%%%%%%%%%%%%%%%%%%%%%%%%%%%%%%%%%%%%%%%%%%

     stopping ...
--------------------------------------------------------------------------
MPI_ABORT was invoked on rank 0 in communicator MPI_COMM_WORLD
with errorcode 1.

NOTE: invoking MPI_ABORT causes Open MPI to kill all MPI processes.
You may or may not see output from other processes, depending on
exactly when Open MPI kills them.
--------------------------------------------------------------------------
slurmstepd: error: *** STEP 47597150.85 ON della-i14g5 CANCELLED AT 2023-05-08T15:50:12 ***
srun: Job step aborted: Waiting up to 47 seconds for job step to finish.
srun: error: della-i14g5: tasks 0-3: Killed
srun: launch/slurm: _step_signal: Terminating StepId=47597150.85
Warning: ieee_divide_by_zero is signaling
Warning: ieee_inexact is signaling
FORTRAN STOP
Warning: ieee_inexact is signaling
FORTRAN STOP
Warning: ieee_inexact is signaling
FORTRAN STOP
Warning: ieee_inexact is signaling
FORTRAN STOP
Warning: ieee_inexact is signaling
FORTRAN STOP
Warning: ieee_inexact is signaling
FORTRAN STOP
Warning: ieee_inexact is signaling
FORTRAN STOP
Warning: ieee_divide_by_zero is signaling
Warning: ieee_inexact is signaling
FORTRAN STOP
Warning: ieee_divide_by_zero is signaling
Warning: ieee_inexact is signaling
FORTRAN STOP
Warning: ieee_inexact is signaling
FORTRAN STOP
Warning: ieee_inexact is signaling
FORTRAN STOP
Warning: ieee_inexact is signaling
FORTRAN STOP
Warning: ieee_inexact is signaling
Warning: ieee_inexact is signaling
FORTRAN STOP
Warning: ieee_divide_by_zero is signaling
Warning: ieee_inexact is signaling
FORTRAN STOP
Warning: ieee_inexact is signaling
FORTRAN STOP
FORTRAN STOP
Warning: ieee_inexact is signaling
Warning: ieee_inexact is signaling
FORTRAN STOP
Warning: ieee_divide_by_zero is signaling
Warning: ieee_inexact is signaling
FORTRAN STOP
Warning: ieee_inexact is signaling
FORTRAN STOP
FORTRAN STOP
Warning: ieee_inexact is signaling
FORTRAN STOP
Warning: ieee_divide_by_zero is signaling
Warning: ieee_inexact is signaling
FORTRAN STOP
Warning: ieee_inexact is signaling
FORTRAN STOP
Warning: ieee_inexact is signaling
FORTRAN STOP
Warning: ieee_inexact is signaling
FORTRAN STOP
Warning: ieee_inexact is signaling
FORTRAN STOP
Warning: ieee_inexact is signaling
FORTRAN STOP
Warning: ieee_divide_by_zero is signaling
Warning: ieee_inexact is signaling
FORTRAN STOP
Warning: ieee_inexact is signaling
FORTRAN STOP
Warning: ieee_divide_by_zero is signaling
Warning: ieee_inexact is signaling
FORTRAN STOP
Warning: ieee_inexact is signaling
FORTRAN STOP
Warning: ieee_inexact is signaling
FORTRAN STOP
Warning: ieee_inexact is signaling
FORTRAN STOP
Warning: ieee_divide_by_zero is signaling
Warning: ieee_inexact is signaling
FORTRAN STOP
Warning: ieee_inexact is signaling
FORTRAN STOP
Warning: ieee_inexact is signaling
FORTRAN STOP
Warning: ieee_inexact is signaling
FORTRAN STOP
Warning: ieee_divide_by_zero is signaling
Warning: ieee_inexact is signaling
FORTRAN STOP
Warning: ieee_inexact is signaling
Warning: ieee_inexact is signaling
FORTRAN STOP
FORTRAN STOP
Warning: ieee_inexact is signaling
Warning: ieee_inexact is signaling
FORTRAN STOP
Warning: ieee_inexact is signaling
FORTRAN STOP
Warning: ieee_divide_by_zero is signaling
Warning: ieee_inexact is signaling
FORTRAN STOP
FORTRAN STOP
Warning: ieee_inexact is signaling
FORTRAN STOP
Warning: ieee_inexact is signaling
FORTRAN STOP
Warning: ieee_inexact is signaling
FORTRAN STOP
Warning: ieee_divide_by_zero is signaling
Warning: ieee_inexact is signaling
FORTRAN STOP
Warning: ieee_divide_by_zero is signaling
Warning: ieee_inexact is signaling
FORTRAN STOP
Warning: ieee_inexact is signaling
FORTRAN STOP
Warning: ieee_inexact is signaling
FORTRAN STOP
Warning: ieee_inexact is signaling
FORTRAN STOP

 %%%%%%%%%%%%%%%%%%%%%%%%%%%%%%%%%%%%%%%%%%%%%%%%%%%%%%%%%%%%%%%%%%%%%%%%%%%%%%
     Error in routine fft_scatter_many_columns_to_planes_store (1):
 cudaMemcpy2DAsync failed :
 %%%%%%%%%%%%%%%%%%%%%%%%%%%%%%%%%%%%%%%%%%%%%%%%%%%%%%%%%%%%%%%%%%%%%%%%%%%%%%

     stopping ...
--------------------------------------------------------------------------
MPI_ABORT was invoked on rank 0 in communicator MPI_COMM_WORLD
with errorcode 1.

NOTE: invoking MPI_ABORT causes Open MPI to kill all MPI processes.
You may or may not see output from other processes, depending on
exactly when Open MPI kills them.
--------------------------------------------------------------------------
srun: Job step aborted: Waiting up to 47 seconds for job step to finish.
slurmstepd: error: *** STEP 47597150.99 ON della-i14g5 CANCELLED AT 2023-05-08T15:53:23 ***
srun: error: della-i14g5: tasks 0-3: Killed
srun: launch/slurm: _step_signal: Terminating StepId=47597150.99
