#       step         max_devi_v         min_devi_v         avg_devi_v         max_devi_f         min_devi_f         avg_devi_f
           0       2.244301e-02       1.624878e-03       9.710771e-03       7.230677e-02       1.765821e-02       4.058828e-02
          10       2.027945e-02       3.308764e-04       9.072196e-03       8.115693e-02       2.132031e-02       4.169358e-02
          20       1.860567e-02       1.761059e-03       9.662374e-03       9.125292e-02       1.740941e-02       4.320085e-02
          30       1.272384e-02       3.180029e-03       7.152498e-03       1.084686e-01       2.098728e-02       4.715903e-02
          40       1.117949e-02       2.294219e-03       5.963010e-03       7.008009e-02       1.471672e-02       4.502954e-02
          50       1.154924e-02       1.146963e-03       6.943723e-03       6.793362e-02       1.999227e-02       4.253749e-02
          60       1.095106e-02       3.240378e-03       6.113554e-03       8.763378e-02       2.386523e-02       4.634434e-02
          70       1.176693e-02       2.345142e-03       7.001892e-03       1.301563e-01       2.249051e-02       5.417141e-02
          80       1.111359e-02       1.428646e-03       7.520925e-03       1.973051e-01       1.862371e-02       5.836827e-02
          90       8.082627e-03       2.322321e-03       5.579713e-03       2.621715e-01       2.024556e-02       5.945221e-02
         100       1.158262e-02       1.589122e-03       5.384401e-03       1.244711e-01       2.919664e-02       5.637397e-02
         110       1.758749e-02       1.514525e-03       8.620630e-03       1.281168e-01       2.352348e-02       5.173861e-02
         120       1.942209e-02       1.110572e-03       1.043414e-02       8.893713e-02       2.204580e-02       4.803995e-02
         130       1.733853e-02       1.460735e-03       9.680522e-03       8.986365e-02       2.909058e-02       4.431631e-02
         140       1.491430e-02       2.158574e-03       7.853048e-03       9.109857e-02       1.871049e-02       4.280071e-02
         150       1.266941e-02       2.869803e-03       7.046100e-03       1.005609e-01       1.522940e-02       4.275357e-02
         160       1.441147e-02       3.458326e-03       7.545005e-03       1.025107e-01       1.948418e-02       4.536980e-02
         170       1.750453e-02       3.617766e-03       1.024543e-02       9.091537e-02       2.074585e-02       4.575076e-02
         180       1.899030e-02       2.666886e-03       1.047752e-02       1.194748e-01       2.012474e-02       4.549712e-02
         190       1.441626e-02       2.961843e-03       8.227223e-03       1.033043e-01       1.638653e-02       4.615822e-02
         200       1.287610e-02       2.791480e-03       7.561279e-03       1.391222e-01       2.386894e-02       5.397318e-02
         210       1.307162e-02       4.183526e-03       9.426274e-03       1.574451e-01       2.153642e-02       5.757410e-02
         220       1.779061e-02       3.166418e-03       1.088456e-02       1.359655e-01       2.870354e-02       6.113928e-02
         230       1.715268e-02       4.377709e-03       9.903011e-03       1.713719e-01       2.589811e-02       6.544246e-02
         240       1.981560e-02       2.393458e-03       1.058591e-02       2.143637e-01       2.586964e-02       6.633518e-02
         250       2.094383e-02       2.432368e-03       1.140403e-02       2.116110e-01       2.432823e-02       6.968745e-02
         260       2.064924e-02       1.355165e-03       1.119924e-02       1.863379e-01       2.952191e-02       7.008565e-02
         270       3.816650e-02       3.803561e-03       1.981687e-02       2.443148e-01       2.768196e-02       7.233400e-02
         280       4.175135e-02       4.222834e-03       2.382953e-02       2.273102e-01       2.759820e-02       7.696774e-02
         290       4.449954e-02       2.502758e-03       2.464401e-02       1.910772e-01       2.238440e-02       6.802959e-02
         300       3.869028e-02       3.520367e-03       2.197845e-02       1.866552e-01       3.566369e-02       6.391297e-02
         310       3.143474e-02       2.398035e-03       1.784592e-02       1.404277e-01       3.131328e-02       6.528508e-02
         320       2.988405e-02       4.966326e-03       1.761390e-02       2.041497e-01       2.500305e-02       6.834420e-02
         330       1.636753e-02       2.429390e-03       9.082438e-03       1.631780e-01       2.469671e-02       6.287444e-02
         340       2.130563e-02       1.930673e-03       9.805060e-03       1.839247e-01       2.049981e-02       5.639808e-02
         350       1.996277e-02       1.128865e-03       1.079388e-02       1.062804e-01       2.532163e-02       5.087891e-02
         360       2.166360e-02       2.005088e-03       9.865370e-03       1.771247e-01       2.147569e-02       5.545252e-02
         370       2.371202e-02       8.800471e-04       1.159972e-02       2.731002e-01       2.542091e-02       5.587810e-02
         380       1.456292e-02       1.809877e-03       7.988975e-03       1.734629e-01       1.978975e-02       4.410389e-02
         390       1.210851e-02       2.045853e-03       7.100836e-03       7.212352e-02       1.726548e-02       3.657755e-02
         400       8.186327e-03       1.307704e-03       4.795608e-03       6.077613e-02       1.630678e-02       3.540025e-02
         410       5.736381e-03       1.891981e-03       3.397796e-03       5.877957e-02       2.039711e-02       3.699922e-02
         420       7.985462e-03       1.452501e-03       4.951324e-03       7.637767e-02       1.084111e-02       4.169334e-02
         430       1.222538e-02       1.853684e-03       6.851115e-03       8.017603e-02       2.152262e-02       4.130709e-02
         440       1.589428e-02       1.916457e-03       9.149485e-03       1.198997e-01       1.888629e-02       4.264454e-02
         450       1.533778e-02       2.500818e-03       8.752309e-03       1.032880e-01       2.097940e-02       4.390967e-02
         460       1.146645e-02       2.165188e-03       6.524077e-03       1.020933e-01       2.684239e-02       4.454449e-02
         470       1.145497e-02       2.674125e-03       6.699971e-03       9.746005e-02       1.670044e-02       4.592938e-02
         480       1.094639e-02       1.639149e-03       6.504059e-03       7.811619e-02       2.526846e-02       4.496805e-02
         490       7.038035e-03       2.698685e-03       4.989453e-03       6.940454e-02       2.076084e-02       4.199925e-02
         500       1.350061e-02       2.194860e-03       6.288687e-03       8.669111e-02       2.627703e-02       4.590227e-02
         510       1.461204e-02       3.346233e-03       7.143221e-03       8.438150e-02       2.411239e-02       4.898516e-02
         520       1.528474e-02       2.798970e-03       7.458256e-03       8.039060e-02       2.406453e-02       4.887107e-02
         530       1.121135e-02       1.626024e-03       4.802689e-03       1.175989e-01       2.447015e-02       5.011138e-02
         540       1.240345e-02       3.090832e-03       6.220541e-03       1.179310e-01       2.456061e-02       5.246253e-02
         550       1.782641e-02       1.868475e-03       9.441331e-03       1.034720e-01       2.420217e-02       5.147419e-02
         560       1.828018e-02       4.410061e-03       1.075612e-02       1.432933e-01       2.576552e-02       5.592323e-02
         570       1.934663e-02       6.418174e-03       1.125095e-02       1.302396e-01       2.844131e-02       6.048506e-02
         580       1.905117e-02       2.999402e-03       8.836772e-03       1.399603e-01       2.133151e-02       6.646367e-02
         590       2.185220e-02       4.532816e-03       1.092795e-02       1.972533e-01       1.884060e-02       7.218830e-02
         600       3.076976e-02       2.474041e-03       1.460931e-02       2.158618e-01       2.039504e-02       7.373028e-02
         610       1.436560e-02       1.897727e-03       7.301620e-03       1.784770e-01       3.167401e-02       6.402204e-02
         620       2.014431e-02       1.091213e-03       9.247612e-03       1.156830e-01       2.590695e-02       5.933748e-02
         630       1.378686e-02       2.301583e-03       6.344282e-03       1.110361e-01       2.628831e-02       5.541275e-02
         640       1.110677e-02       2.172667e-03       5.744192e-03       1.056492e-01       2.121034e-02       5.494778e-02
         650       1.579721e-02       1.772427e-03       8.755238e-03       1.304346e-01       2.115198e-02       5.399795e-02
         660       1.875899e-02       3.382422e-03       1.009695e-02       1.215487e-01       2.886003e-02       5.448795e-02
         670       1.875133e-02       1.570318e-03       9.538663e-03       1.002496e-01       1.198177e-02       5.131139e-02
         680       1.736456e-02       3.034974e-03       9.184736e-03       1.066693e-01       2.168695e-02       5.159163e-02
         690       1.825015e-02       3.693766e-03       9.475683e-03       1.102745e-01       2.350016e-02       5.395107e-02
         700       2.079595e-02       2.505268e-03       1.081726e-02       1.056209e-01       1.966389e-02       5.551405e-02
         710       2.643238e-02       2.288954e-03       1.303956e-02       1.128227e-01       1.524666e-02       5.907838e-02
         720       2.958287e-02       2.780078e-03       1.383373e-02       1.280100e-01       2.287790e-02       6.419799e-02
         730       2.337733e-02       1.564098e-03       1.082496e-02       1.404792e-01       2.378692e-02       6.769908e-02
         740       2.070086e-02       7.198298e-04       1.091834e-02       1.258837e-01       1.981512e-02       6.575454e-02
         750       1.945192e-02       2.464887e-03       9.291698e-03       1.762625e-01       2.350947e-02       6.235414e-02
         760       1.393949e-02       3.276210e-03       7.062772e-03       1.863339e-01       1.779005e-02       6.081608e-02
         770       1.824040e-02       2.397732e-03       8.167147e-03       1.968083e-01       2.384708e-02       6.059047e-02
         780       1.962628e-02       7.375309e-04       8.577222e-03       1.744931e-01       2.551657e-02       5.923950e-02
         790       1.616164e-02       1.384611e-03       7.690128e-03       1.706915e-01       3.035715e-02       6.299513e-02
         800       1.551284e-02       8.975049e-04       8.277116e-03       1.733623e-01       2.183868e-02       6.268765e-02
         810       1.460824e-02       2.362994e-03       8.097922e-03       1.763675e-01       1.990577e-02       5.589395e-02
         820       1.391635e-02       1.222834e-03       6.796032e-03       1.331115e-01       2.021572e-02       5.272113e-02
         830       9.978953e-03       1.441883e-03       5.757128e-03       1.350464e-01       2.573054e-02       5.802954e-02
         840       2.058961e-02       2.600203e-03       1.116632e-02       1.421297e-01       1.594965e-02       6.178374e-02
         850       2.587944e-02       2.422428e-03       1.398021e-02       1.454414e-01       2.291878e-02       6.199470e-02
         860       3.178168e-02       2.012787e-03       1.704813e-02       1.588952e-01       2.336666e-02       6.152576e-02
         870       2.967832e-02       2.994354e-03       1.576958e-02       1.856119e-01       2.433902e-02       6.238387e-02
         880       3.410699e-02       3.388331e-03       1.656806e-02       2.111158e-01       2.456176e-02       6.159983e-02
         890       4.361726e-02       2.141318e-03       2.157832e-02       2.279157e-01       2.119903e-02       6.096828e-02
         900       4.293873e-02       3.143164e-03       2.312744e-02       2.192100e-01       2.759477e-02       6.236182e-02
         910       3.968581e-02       3.219097e-03       2.151663e-02       2.109032e-01       2.785111e-02       6.225419e-02
         920       4.304155e-02       3.179811e-03       2.367115e-02       2.130410e-01       1.965685e-02       6.241757e-02
         930       4.308150e-02       2.984048e-03       2.405364e-02       2.165821e-01       2.733252e-02       5.940102e-02
         940       2.796182e-02       1.227659e-03       1.607956e-02       2.305764e-01       2.500827e-02       6.136010e-02
         950       2.901047e-02       7.682959e-04       1.563641e-02       2.508950e-01       3.186871e-02       6.586903e-02
         960       2.930017e-02       2.350949e-03       1.590672e-02       2.574734e-01       3.220348e-02       6.839172e-02
         970       3.025065e-02       4.239491e-03       1.736637e-02       2.379866e-01       2.802252e-02       7.012299e-02
         980       3.181519e-02       4.877151e-03       1.687955e-02       1.942883e-01       2.294346e-02       6.890166e-02
         990       2.623559e-02       4.633609e-03       1.367393e-02       1.626017e-01       1.971278e-02       6.054074e-02
        1000       1.519918e-02       4.242182e-03       9.040960e-03       1.362411e-01       2.357093e-02       5.697747e-02
