Removing intel version 2021.1.2
Removing oclfpga version 2021.1.2
Removing intel-dpl version 2021.1.2
Removing intel-debugger version 10.0.0
Removing intel-mkl version 2021.1.1
Removing intel-tbb version 2021.1.1
Removing intel-rt version 2021.1.2
Warning: ieee_divide_by_zero is signaling
Warning: ieee_inexact is signaling
FORTRAN STOP
Warning: ieee_inexact is signaling
FORTRAN STOP
Warning: ieee_inexact is signaling
FORTRAN STOP
Warning: ieee_inexact is signaling
FORTRAN STOP
Warning: ieee_inexact is signaling
Warning: ieee_inexact is signaling
FORTRAN STOP
Warning: ieee_inexact is signaling
FORTRAN STOP
Warning: ieee_divide_by_zero is signaling
Warning: ieee_inexact is signaling
FORTRAN STOP
FORTRAN STOP
Warning: ieee_inexact is signaling
FORTRAN STOP
Warning: ieee_inexact is signaling
FORTRAN STOP
Warning: ieee_inexact is signaling
FORTRAN STOP
Warning: ieee_divide_by_zero is signaling
Warning: ieee_inexact is signaling
FORTRAN STOP
Warning: ieee_divide_by_zero is signaling
Warning: ieee_inexact is signaling
FORTRAN STOP
Warning: ieee_inexact is signaling
FORTRAN STOP
Warning: ieee_inexact is signaling
FORTRAN STOP
Warning: ieee_inexact is signaling
FORTRAN STOP
Warning: ieee_divide_by_zero is signaling
Warning: ieee_inexact is signaling
FORTRAN STOP
Warning: ieee_inexact is signaling
FORTRAN STOP
Warning: ieee_inexact is signaling
FORTRAN STOP
Warning: ieee_inexact is signaling
FORTRAN STOP
Warning: ieee_divide_by_zero is signaling
Warning: ieee_inexact is signaling
FORTRAN STOP
Warning: ieee_inexact is signaling
FORTRAN STOP
Warning: ieee_inexact is signaling
FORTRAN STOP
Warning: ieee_inexact is signaling
FORTRAN STOP

 %%%%%%%%%%%%%%%%%%%%%%%%%%%%%%%%%%%%%%%%%%%%%%%%%%%%%%%%%%%%%%%%%%%%%%%%%%%%%%
     Error in routine fft_scatter_many_columns_to_planes_store (1):
 cudaMemcpy2DAsync failed :
 %%%%%%%%%%%%%%%%%%%%%%%%%%%%%%%%%%%%%%%%%%%%%%%%%%%%%%%%%%%%%%%%%%%%%%%%%%%%%%

     stopping ...
--------------------------------------------------------------------------
MPI_ABORT was invoked on rank 0 in communicator MPI_COMM_WORLD
with errorcode 1.

NOTE: invoking MPI_ABORT causes Open MPI to kill all MPI processes.
You may or may not see output from other processes, depending on
exactly when Open MPI kills them.
--------------------------------------------------------------------------
slurmstepd: error: *** STEP 47597149.6 ON della-i14g5 CANCELLED AT 2023-05-08T15:23:58 ***
srun: Job step aborted: Waiting up to 47 seconds for job step to finish.
srun: error: della-i14g5: tasks 0-3: Killed
srun: launch/slurm: _step_signal: Terminating StepId=47597149.6
Warning: ieee_inexact is signaling
FORTRAN STOP
Warning: ieee_inexact is signaling
FORTRAN STOP
Warning: ieee_divide_by_zero is signaling
Warning: ieee_inexact is signaling
FORTRAN STOP
Warning: ieee_inexact is signaling
FORTRAN STOP

 %%%%%%%%%%%%%%%%%%%%%%%%%%%%%%%%%%%%%%%%%%%%%%%%%%%%%%%%%%%%%%%%%%%%%%%%%%%%%%
     Error in routine fft_scatter_many_columns_to_planes_store (1):
 cudaMemcpy2DAsync failed :
 %%%%%%%%%%%%%%%%%%%%%%%%%%%%%%%%%%%%%%%%%%%%%%%%%%%%%%%%%%%%%%%%%%%%%%%%%%%%%%

     stopping ...

 %%%%%%%%%%%%%%%%%%%%%%%%%%%%%%%%%%%%%%%%%%%%%%%%%%%%%%%%%%%%%%%%%%%%%%%%%%%%%%
     Error in routine fft_scatter_many_columns_to_planes_store (1):
 cudaMemcpy2DAsync failed :
 %%%%%%%%%%%%%%%%%%%%%%%%%%%%%%%%%%%%%%%%%%%%%%%%%%%%%%%%%%%%%%%%%%%%%%%%%%%%%%

     stopping ...
--------------------------------------------------------------------------
MPI_ABORT was invoked on rank 0 in communicator MPI_COMM_WORLD
with errorcode 1.

NOTE: invoking MPI_ABORT causes Open MPI to kill all MPI processes.
You may or may not see output from other processes, depending on
exactly when Open MPI kills them.
--------------------------------------------------------------------------
--------------------------------------------------------------------------
MPI_ABORT was invoked on rank 1 in communicator MPI_COMM_WORLD
with errorcode 1.

NOTE: invoking MPI_ABORT causes Open MPI to kill all MPI processes.
You may or may not see output from other processes, depending on
exactly when Open MPI kills them.
--------------------------------------------------------------------------
slurmstepd: error: *** STEP 47597149.8 ON della-i14g5 CANCELLED AT 2023-05-08T15:25:10 ***
srun: Job step aborted: Waiting up to 47 seconds for job step to finish.
srun: error: della-i14g5: tasks 0-3: Killed
srun: launch/slurm: _step_signal: Terminating StepId=47597149.8
Warning: ieee_divide_by_zero is signaling
Warning: ieee_inexact is signaling
FORTRAN STOP
Warning: ieee_inexact is signaling
FORTRAN STOP
Warning: ieee_inexact is signaling
FORTRAN STOP
Warning: ieee_inexact is signaling
FORTRAN STOP
Warning: ieee_divide_by_zero is signaling
Warning: ieee_inexact is signaling
FORTRAN STOP
Warning: ieee_inexact is signaling
FORTRAN STOP
Warning: ieee_inexact is signaling
FORTRAN STOP
Warning: ieee_inexact is signaling
FORTRAN STOP
Warning: ieee_inexact is signaling
FORTRAN STOP
Warning: ieee_inexact is signaling
FORTRAN STOP
Warning: ieee_inexact is signaling
FORTRAN STOP
Warning: ieee_divide_by_zero is signaling
Warning: ieee_inexact is signaling
FORTRAN STOP
Warning: ieee_inexact is signaling
FORTRAN STOP
Warning: ieee_inexact is signaling
FORTRAN STOP
Warning: ieee_divide_by_zero is signaling
Warning: ieee_inexact is signaling
FORTRAN STOP
Warning: ieee_inexact is signaling
FORTRAN STOP
Warning: ieee_inexact is signaling
FORTRAN STOP
Warning: ieee_inexact is signaling
FORTRAN STOP
Warning: ieee_inexact is signaling
FORTRAN STOP
Warning: ieee_divide_by_zero is signaling
Warning: ieee_inexact is signaling
FORTRAN STOP
Warning: ieee_inexact is signaling
FORTRAN STOP
Warning: ieee_inexact is signaling
FORTRAN STOP
Warning: ieee_inexact is signaling
FORTRAN STOP
Warning: ieee_divide_by_zero is signaling
Warning: ieee_inexact is signaling
FORTRAN STOP
Warning: ieee_inexact is signaling
FORTRAN STOP
Warning: ieee_inexact is signaling
FORTRAN STOP
Warning: ieee_divide_by_zero is signaling
Warning: ieee_inexact is signaling
FORTRAN STOP
Warning: ieee_inexact is signaling
FORTRAN STOP
Warning: ieee_divide_by_zero is signaling
Warning: ieee_inexact is signaling
FORTRAN STOP
Warning: ieee_inexact is signaling
FORTRAN STOP
Warning: ieee_inexact is signaling
FORTRAN STOP
Warning: ieee_inexact is signaling
FORTRAN STOP
Warning: ieee_divide_by_zero is signaling
Warning: ieee_inexact is signaling
FORTRAN STOP
Warning: ieee_inexact is signaling
FORTRAN STOP
Warning: ieee_inexact is signaling
Warning: ieee_inexact is signaling
FORTRAN STOP
FORTRAN STOP
Warning: ieee_inexact is signaling
FORTRAN STOP
Warning: ieee_inexact is signaling
FORTRAN STOP
Warning: ieee_divide_by_zero is signaling
Warning: ieee_inexact is signaling
FORTRAN STOP
Warning: ieee_inexact is signaling
FORTRAN STOP
Warning: ieee_inexact is signaling
FORTRAN STOP
Warning: ieee_inexact is signaling
FORTRAN STOP
Warning: ieee_inexact is signaling
FORTRAN STOP
Warning: ieee_divide_by_zero is signaling
Warning: ieee_inexact is signaling
FORTRAN STOP
Warning: ieee_inexact is signaling
FORTRAN STOP
Warning: ieee_inexact is signaling
FORTRAN STOP
Warning: ieee_divide_by_zero is signaling
Warning: ieee_inexact is signaling
FORTRAN STOP
Warning: ieee_inexact is signaling
FORTRAN STOP
Warning: ieee_divide_by_zero is signaling
Warning: ieee_inexact is signaling
FORTRAN STOP
Warning: ieee_inexact is signaling
FORTRAN STOP
Warning: ieee_inexact is signaling
FORTRAN STOP
Warning: ieee_inexact is signaling
FORTRAN STOP
Warning: ieee_inexact is signaling
FORTRAN STOP
Warning: ieee_divide_by_zero is signaling
Warning: ieee_inexact is signaling
FORTRAN STOP
Warning: ieee_inexact is signaling
FORTRAN STOP
Warning: ieee_inexact is signaling
FORTRAN STOP
Warning: ieee_inexact is signaling
FORTRAN STOP
Warning: ieee_divide_by_zero is signaling
Warning: ieee_inexact is signaling
FORTRAN STOP
Warning: ieee_inexact is signaling
FORTRAN STOP
Warning: ieee_inexact is signaling
FORTRAN STOP
Warning: ieee_divide_by_zero is signaling
Warning: ieee_inexact is signaling
FORTRAN STOP
Warning: ieee_inexact is signaling
FORTRAN STOP
Warning: ieee_inexact is signaling
FORTRAN STOP
Warning: ieee_inexact is signaling
FORTRAN STOP
Warning: ieee_divide_by_zero is signaling
Warning: ieee_inexact is signaling
FORTRAN STOP
Warning: ieee_inexact is signaling
FORTRAN STOP
Warning: ieee_inexact is signaling
FORTRAN STOP
Warning: ieee_inexact is signaling
FORTRAN STOP
Warning: ieee_inexact is signaling
FORTRAN STOP
Warning: ieee_inexact is signaling
FORTRAN STOP
Warning: ieee_divide_by_zero is signaling
Warning: ieee_inexact is signaling
FORTRAN STOP
Warning: ieee_inexact is signaling
FORTRAN STOP
Warning: ieee_divide_by_zero is signaling
Warning: ieee_inexact is signaling
FORTRAN STOP
Warning: ieee_inexact is signaling
FORTRAN STOP
Warning: ieee_inexact is signaling
FORTRAN STOP
Warning: ieee_inexact is signaling
FORTRAN STOP
Warning: ieee_inexact is signaling
FORTRAN STOP
Warning: ieee_inexact is signaling
FORTRAN STOP
Warning: ieee_inexact is signaling
FORTRAN STOP
Warning: ieee_divide_by_zero is signaling
Warning: ieee_inexact is signaling
FORTRAN STOP
Warning: ieee_inexact is signaling
FORTRAN STOP
Warning: ieee_inexact is signaling
FORTRAN STOP
Warning: ieee_inexact is signaling
FORTRAN STOP
Warning: ieee_divide_by_zero is signaling
Warning: ieee_inexact is signaling
FORTRAN STOP
Warning: ieee_divide_by_zero is signaling
Warning: ieee_inexact is signaling
FORTRAN STOP
Warning: ieee_inexact is signaling
FORTRAN STOP
Warning: ieee_inexact is signaling
FORTRAN STOP
Warning: ieee_inexact is signaling
FORTRAN STOP
Warning: ieee_divide_by_zero is signaling
Warning: ieee_inexact is signaling
FORTRAN STOP
Warning: ieee_inexact is signaling
FORTRAN STOP
Warning: ieee_inexact is signaling
FORTRAN STOP
Warning: ieee_inexact is signaling
FORTRAN STOP
Warning: ieee_inexact is signaling
FORTRAN STOP
Warning: ieee_divide_by_zero is signaling
Warning: ieee_inexact is signaling
FORTRAN STOP
Warning: ieee_inexact is signaling
FORTRAN STOP
Warning: ieee_inexact is signaling
FORTRAN STOP
Warning: ieee_divide_by_zero is signaling
Warning: ieee_inexact is signaling
FORTRAN STOP
Warning: ieee_inexact is signaling
FORTRAN STOP
Warning: ieee_inexact is signaling
FORTRAN STOP
Warning: ieee_inexact is signaling
FORTRAN STOP
Warning: ieee_inexact is signaling
FORTRAN STOP
Warning: ieee_inexact is signaling
FORTRAN STOP
Warning: ieee_divide_by_zero is signaling
Warning: ieee_inexact is signaling
FORTRAN STOP
Warning: ieee_inexact is signaling
FORTRAN STOP
Warning: ieee_inexact is signaling
Warning: ieee_inexact is signaling
FORTRAN STOP
Warning: ieee_divide_by_zero is signaling
Warning: ieee_inexact is signaling
FORTRAN STOP
FORTRAN STOP
Warning: ieee_inexact is signaling
FORTRAN STOP
Warning: ieee_inexact is signaling
FORTRAN STOP
Warning: ieee_inexact is signaling
FORTRAN STOP
Warning: ieee_inexact is signaling
FORTRAN STOP
Warning: ieee_divide_by_zero is signaling
Warning: ieee_inexact is signaling
FORTRAN STOP
Warning: ieee_inexact is signaling
Warning: ieee_inexact is signaling
FORTRAN STOP
Warning: ieee_inexact is signaling
FORTRAN STOP
Warning: ieee_divide_by_zero is signaling
Warning: ieee_inexact is signaling
FORTRAN STOP
FORTRAN STOP
Warning: ieee_divide_by_zero is signaling
Warning: ieee_inexact is signaling
FORTRAN STOP
Warning: ieee_inexact is signaling
FORTRAN STOP
Warning: ieee_inexact is signaling
FORTRAN STOP
Warning: ieee_inexact is signaling
FORTRAN STOP
Warning: ieee_inexact is signaling
Warning: ieee_inexact is signaling
FORTRAN STOP
Warning: ieee_divide_by_zero is signaling
Warning: ieee_inexact is signaling
FORTRAN STOP
FORTRAN STOP
Warning: ieee_inexact is signaling
FORTRAN STOP
Warning: ieee_divide_by_zero is signaling
Warning: ieee_inexact is signaling
FORTRAN STOP
Warning: ieee_inexact is signaling
FORTRAN STOP
Warning: ieee_inexact is signaling
FORTRAN STOP
Warning: ieee_inexact is signaling
FORTRAN STOP
Warning: ieee_divide_by_zero is signaling
Warning: ieee_inexact is signaling
FORTRAN STOP
Warning: ieee_inexact is signaling
FORTRAN STOP
Warning: ieee_inexact is signaling
FORTRAN STOP
Warning: ieee_inexact is signaling
FORTRAN STOP
Warning: ieee_inexact is signaling
Warning: ieee_divide_by_zero is signaling
Warning: ieee_inexact is signaling
FORTRAN STOP
Warning: ieee_inexact is signaling
FORTRAN STOP
FORTRAN STOP
Warning: ieee_inexact is signaling
FORTRAN STOP
Warning: ieee_inexact is signaling
Warning: ieee_divide_by_zero is signaling
Warning: ieee_inexact is signaling
FORTRAN STOP
Warning: ieee_inexact is signaling
FORTRAN STOP
FORTRAN STOP
Warning: ieee_inexact is signaling
FORTRAN STOP
Warning: ieee_divide_by_zero is signaling
Warning: ieee_inexact is signaling
FORTRAN STOP
Warning: ieee_inexact is signaling
FORTRAN STOP
Warning: ieee_inexact is signaling
FORTRAN STOP
Warning: ieee_inexact is signaling
FORTRAN STOP
Warning: ieee_inexact is signaling
FORTRAN STOP
Warning: ieee_divide_by_zero is signaling
Warning: ieee_inexact is signaling
FORTRAN STOP
Warning: ieee_inexact is signaling
FORTRAN STOP
Warning: ieee_inexact is signaling
FORTRAN STOP
Warning: ieee_inexact is signaling
FORTRAN STOP
Warning: ieee_inexact is signaling
FORTRAN STOP
Warning: ieee_divide_by_zero is signaling
Warning: ieee_inexact is signaling
FORTRAN STOP
Warning: ieee_inexact is signaling
FORTRAN STOP
Warning: ieee_inexact is signaling
Warning: ieee_inexact is signaling
FORTRAN STOP
Warning: ieee_divide_by_zero is signaling
Warning: ieee_inexact is signaling
FORTRAN STOP
FORTRAN STOP
Warning: ieee_inexact is signaling
FORTRAN STOP
Warning: ieee_divide_by_zero is signaling
Warning: ieee_inexact is signaling
FORTRAN STOP
Warning: ieee_inexact is signaling
FORTRAN STOP
Warning: ieee_inexact is signaling
FORTRAN STOP
Warning: ieee_inexact is signaling
FORTRAN STOP
Warning: ieee_inexact is signaling
FORTRAN STOP
Warning: ieee_inexact is signaling
FORTRAN STOP
Warning: ieee_inexact is signaling
FORTRAN STOP
Warning: ieee_divide_by_zero is signaling
Warning: ieee_inexact is signaling
FORTRAN STOP
Warning: ieee_inexact is signaling
FORTRAN STOP
Warning: ieee_divide_by_zero is signaling
Warning: ieee_inexact is signaling
FORTRAN STOP
Warning: ieee_inexact is signaling
FORTRAN STOP
Warning: ieee_inexact is signaling
FORTRAN STOP
Warning: ieee_inexact is signaling
FORTRAN STOP
Warning: ieee_inexact is signaling
FORTRAN STOP
Warning: ieee_divide_by_zero is signaling
Warning: ieee_inexact is signaling
FORTRAN STOP
Warning: ieee_inexact is signaling
FORTRAN STOP

 %%%%%%%%%%%%%%%%%%%%%%%%%%%%%%%%%%%%%%%%%%%%%%%%%%%%%%%%%%%%%%%%%%%%%%%%%%%%%%
     Error in routine fft_scatter_many_columns_to_planes_store (1):
 cudaMemcpy2DAsync failed :
 %%%%%%%%%%%%%%%%%%%%%%%%%%%%%%%%%%%%%%%%%%%%%%%%%%%%%%%%%%%%%%%%%%%%%%%%%%%%%%

     stopping ...
--------------------------------------------------------------------------
MPI_ABORT was invoked on rank 1 in communicator MPI_COMM_WORLD
with errorcode 1.

NOTE: invoking MPI_ABORT causes Open MPI to kill all MPI processes.
You may or may not see output from other processes, depending on
exactly when Open MPI kills them.
--------------------------------------------------------------------------
slurmstepd: error: *** STEP 47597149.52 ON della-i14g5 CANCELLED AT 2023-05-08T15:33:28 ***
srun: Job step aborted: Waiting up to 47 seconds for job step to finish.
srun: error: della-i14g5: tasks 0-3: Killed
srun: launch/slurm: _step_signal: Terminating StepId=47597149.52
Warning: ieee_inexact is signaling
FORTRAN STOP
Warning: ieee_inexact is signaling
FORTRAN STOP
Warning: ieee_inexact is signaling
FORTRAN STOP
Warning: ieee_divide_by_zero is signaling
Warning: ieee_inexact is signaling
FORTRAN STOP
Warning: ieee_inexact is signaling
FORTRAN STOP
Warning: ieee_inexact is signaling
FORTRAN STOP
Warning: ieee_inexact is signaling
FORTRAN STOP
Warning: ieee_divide_by_zero is signaling
Warning: ieee_inexact is signaling
FORTRAN STOP
Warning: ieee_inexact is signaling
FORTRAN STOP
Warning: ieee_inexact is signaling
FORTRAN STOP
Warning: ieee_divide_by_zero is signaling
Warning: ieee_inexact is signaling
FORTRAN STOP
Warning: ieee_inexact is signaling
FORTRAN STOP
Warning: ieee_inexact is signaling
FORTRAN STOP
Warning: ieee_inexact is signaling
FORTRAN STOP
Warning: ieee_divide_by_zero is signaling
Warning: ieee_inexact is signaling
FORTRAN STOP
Warning: ieee_inexact is signaling
FORTRAN STOP
Warning: ieee_divide_by_zero is signaling
Warning: ieee_inexact is signaling
FORTRAN STOP
Warning: ieee_inexact is signaling
FORTRAN STOP
Warning: ieee_inexact is signaling
FORTRAN STOP
Warning: ieee_inexact is signaling
FORTRAN STOP
Warning: ieee_inexact is signaling
FORTRAN STOP
Warning: ieee_divide_by_zero is signaling
Warning: ieee_inexact is signaling
FORTRAN STOP
Warning: ieee_inexact is signaling
FORTRAN STOP
Warning: ieee_inexact is signaling
FORTRAN STOP
Warning: ieee_divide_by_zero is signaling
Warning: ieee_inexact is signaling
FORTRAN STOP
Warning: ieee_inexact is signaling
FORTRAN STOP
Warning: ieee_inexact is signaling
FORTRAN STOP
Warning: ieee_inexact is signaling
FORTRAN STOP
Warning: ieee_divide_by_zero is signaling
Warning: ieee_inexact is signaling
FORTRAN STOP
Warning: ieee_inexact is signaling
FORTRAN STOP
Warning: ieee_inexact is signaling
FORTRAN STOP
Warning: ieee_inexact is signaling
FORTRAN STOP
Warning: ieee_inexact is signaling
FORTRAN STOP
Warning: ieee_divide_by_zero is signaling
Warning: ieee_inexact is signaling
FORTRAN STOP
Warning: ieee_inexact is signaling
FORTRAN STOP
Warning: ieee_inexact is signaling
FORTRAN STOP
Warning: ieee_inexact is signaling
FORTRAN STOP
Warning: ieee_divide_by_zero is signaling
Warning: ieee_inexact is signaling
FORTRAN STOP
Warning: ieee_inexact is signaling
FORTRAN STOP
Warning: ieee_inexact is signaling
FORTRAN STOP
Warning: ieee_inexact is signaling
FORTRAN STOP
Warning: ieee_divide_by_zero is signaling
Warning: ieee_inexact is signaling
FORTRAN STOP
Warning: ieee_inexact is signaling
FORTRAN STOP
Warning: ieee_inexact is signaling
FORTRAN STOP
Warning: ieee_divide_by_zero is signaling
Warning: ieee_inexact is signaling
FORTRAN STOP
Warning: ieee_inexact is signaling
FORTRAN STOP
Warning: ieee_inexact is signaling
FORTRAN STOP
Warning: ieee_inexact is signaling
FORTRAN STOP
Warning: ieee_inexact is signaling
FORTRAN STOP
Warning: ieee_divide_by_zero is signaling
Warning: ieee_inexact is signaling
FORTRAN STOP
Warning: ieee_inexact is signaling
FORTRAN STOP
Warning: ieee_inexact is signaling
FORTRAN STOP
Warning: ieee_divide_by_zero is signaling
Warning: ieee_inexact is signaling
FORTRAN STOP
Warning: ieee_inexact is signaling
FORTRAN STOP
Warning: ieee_inexact is signaling
FORTRAN STOP
Warning: ieee_inexact is signaling
FORTRAN STOP
Warning: ieee_divide_by_zero is signaling
Warning: ieee_inexact is signaling
FORTRAN STOP
Warning: ieee_inexact is signaling
FORTRAN STOP
Warning: ieee_inexact is signaling
FORTRAN STOP
Warning: ieee_inexact is signaling
FORTRAN STOP
Warning: ieee_divide_by_zero is signaling
Warning: ieee_inexact is signaling
FORTRAN STOP
Warning: ieee_inexact is signaling
FORTRAN STOP
Warning: ieee_inexact is signaling
FORTRAN STOP
Warning: ieee_inexact is signaling
FORTRAN STOP
Warning: ieee_divide_by_zero is signaling
Warning: ieee_inexact is signaling
FORTRAN STOP
Warning: ieee_inexact is signaling
FORTRAN STOP
Warning: ieee_inexact is signaling
FORTRAN STOP
Warning: ieee_inexact is signaling
FORTRAN STOP
Warning: ieee_inexact is signaling
FORTRAN STOP
Warning: ieee_inexact is signaling
FORTRAN STOP
Warning: ieee_inexact is signaling
FORTRAN STOP
Warning: ieee_divide_by_zero is signaling
Warning: ieee_inexact is signaling
FORTRAN STOP
Warning: ieee_divide_by_zero is signaling
Warning: ieee_inexact is signaling
FORTRAN STOP
Warning: ieee_inexact is signaling
FORTRAN STOP
Warning: ieee_inexact is signaling
FORTRAN STOP
Warning: ieee_inexact is signaling
FORTRAN STOP
Warning: ieee_inexact is signaling
FORTRAN STOP
Warning: ieee_inexact is signaling
FORTRAN STOP
Warning: ieee_divide_by_zero is signaling
Warning: ieee_inexact is signaling
FORTRAN STOP
Warning: ieee_inexact is signaling
FORTRAN STOP
Warning: ieee_inexact is signaling
Warning: ieee_inexact is signaling
FORTRAN STOP
Warning: ieee_inexact is signaling
FORTRAN STOP
FORTRAN STOP
Warning: ieee_divide_by_zero is signaling
Warning: ieee_inexact is signaling
FORTRAN STOP
Warning: ieee_divide_by_zero is signaling
Warning: ieee_inexact is signaling
FORTRAN STOP
Warning: ieee_inexact is signaling
FORTRAN STOP
Warning: ieee_inexact is signaling
FORTRAN STOP
Warning: ieee_inexact is signaling
FORTRAN STOP
Warning: ieee_inexact is signaling
FORTRAN STOP
Warning: ieee_inexact is signaling
FORTRAN STOP
Warning: ieee_inexact is signaling
FORTRAN STOP
Warning: ieee_divide_by_zero is signaling
Warning: ieee_inexact is signaling
FORTRAN STOP
Warning: ieee_inexact is signaling
Warning: ieee_divide_by_zero is signaling
Warning: ieee_inexact is signaling
FORTRAN STOP
Warning: ieee_inexact is signaling
FORTRAN STOP
FORTRAN STOP
Warning: ieee_inexact is signaling
FORTRAN STOP
Warning: ieee_divide_by_zero is signaling
Warning: ieee_inexact is signaling
FORTRAN STOP
Warning: ieee_inexact is signaling
FORTRAN STOP
Warning: ieee_inexact is signaling
FORTRAN STOP
Warning: ieee_inexact is signaling
FORTRAN STOP
Warning: ieee_inexact is signaling
FORTRAN STOP
Warning: ieee_divide_by_zero is signaling
Warning: ieee_inexact is signaling
FORTRAN STOP
Warning: ieee_inexact is signaling
FORTRAN STOP
Warning: ieee_inexact is signaling
FORTRAN STOP
Warning: ieee_inexact is signaling
FORTRAN STOP
Warning: ieee_inexact is signaling
FORTRAN STOP
Warning: ieee_inexact is signaling
FORTRAN STOP
Warning: ieee_divide_by_zero is signaling
Warning: ieee_inexact is signaling
FORTRAN STOP
Warning: ieee_inexact is signaling
Warning: ieee_inexact is signaling
FORTRAN STOP
Warning: ieee_divide_by_zero is signaling
Warning: ieee_inexact is signaling
FORTRAN STOP
Warning: ieee_inexact is signaling
FORTRAN STOP
FORTRAN STOP
Warning: ieee_divide_by_zero is signaling
Warning: ieee_inexact is signaling
FORTRAN STOP
Warning: ieee_inexact is signaling
FORTRAN STOP
Warning: ieee_inexact is signaling
FORTRAN STOP
Warning: ieee_inexact is signaling
FORTRAN STOP
Warning: ieee_divide_by_zero is signaling
Warning: ieee_inexact is signaling
FORTRAN STOP
Warning: ieee_inexact is signaling
FORTRAN STOP
Warning: ieee_inexact is signaling
FORTRAN STOP
Warning: ieee_inexact is signaling
FORTRAN STOP
Warning: ieee_inexact is signaling
FORTRAN STOP
Warning: ieee_inexact is signaling
FORTRAN STOP
Warning: ieee_inexact is signaling
FORTRAN STOP
Warning: ieee_divide_by_zero is signaling
Warning: ieee_inexact is signaling
FORTRAN STOP
Warning: ieee_divide_by_zero is signaling
Warning: ieee_inexact is signaling
FORTRAN STOP
Warning: ieee_inexact is signaling
FORTRAN STOP
Warning: ieee_inexact is signaling
FORTRAN STOP
Warning: ieee_inexact is signaling
FORTRAN STOP
Warning: ieee_inexact is signaling
FORTRAN STOP
Warning: ieee_inexact is signaling
FORTRAN STOP
Warning: ieee_inexact is signaling
FORTRAN STOP
Warning: ieee_divide_by_zero is signaling
Warning: ieee_inexact is signaling
FORTRAN STOP
Warning: ieee_divide_by_zero is signaling
Warning: ieee_inexact is signaling
FORTRAN STOP
Warning: ieee_inexact is signaling
FORTRAN STOP
Warning: ieee_inexact is signaling
FORTRAN STOP
Warning: ieee_inexact is signaling
FORTRAN STOP
Warning: ieee_inexact is signaling
FORTRAN STOP
Warning: ieee_inexact is signaling
FORTRAN STOP
Warning: ieee_inexact is signaling
Warning: ieee_divide_by_zero is signaling
Warning: ieee_inexact is signaling
FORTRAN STOP
FORTRAN STOP

 %%%%%%%%%%%%%%%%%%%%%%%%%%%%%%%%%%%%%%%%%%%%%%%%%%%%%%%%%%%%%%%%%%%%%%%%%%%%%%
     Error in routine fft_scatter_many_columns_to_planes_store (1):
 cudaMemcpy2DAsync failed :
 %%%%%%%%%%%%%%%%%%%%%%%%%%%%%%%%%%%%%%%%%%%%%%%%%%%%%%%%%%%%%%%%%%%%%%%%%%%%%%

     stopping ...

 %%%%%%%%%%%%%%%%%%%%%%%%%%%%%%%%%%%%%%%%%%%%%%%%%%%%%%%%%%%%%%%%%%%%%%%%%%%%%%
     Error in routine fft_scatter_many_columns_to_planes_store (1):
 cudaMemcpy2DAsync failed :
 %%%%%%%%%%%%%%%%%%%%%%%%%%%%%%%%%%%%%%%%%%%%%%%%%%%%%%%%%%%%%%%%%%%%%%%%%%%%%%

     stopping ...
--------------------------------------------------------------------------
MPI_ABORT was invoked on rank 1 in communicator MPI_COMM_WORLD
with errorcode 1.

NOTE: invoking MPI_ABORT causes Open MPI to kill all MPI processes.
You may or may not see output from other processes, depending on
exactly when Open MPI kills them.
--------------------------------------------------------------------------
--------------------------------------------------------------------------
MPI_ABORT was invoked on rank 0 in communicator MPI_COMM_WORLD
with errorcode 1.

NOTE: invoking MPI_ABORT causes Open MPI to kill all MPI processes.
You may or may not see output from other processes, depending on
exactly when Open MPI kills them.
--------------------------------------------------------------------------
slurmstepd: error: *** STEP 47597149.88 ON della-i14g5 CANCELLED AT 2023-05-08T15:40:06 ***
srun: Job step aborted: Waiting up to 47 seconds for job step to finish.
srun: error: della-i14g5: tasks 0-3: Killed
srun: launch/slurm: _step_signal: Terminating StepId=47597149.88
Warning: ieee_inexact is signaling
FORTRAN STOP
Warning: ieee_inexact is signaling
FORTRAN STOP
Warning: ieee_inexact is signaling
FORTRAN STOP
Warning: ieee_divide_by_zero is signaling
Warning: ieee_inexact is signaling
FORTRAN STOP
Warning: ieee_divide_by_zero is signaling
Warning: ieee_inexact is signaling
FORTRAN STOP
Warning: ieee_inexact is signaling
FORTRAN STOP
Warning: ieee_inexact is signaling
FORTRAN STOP
Warning: ieee_inexact is signaling
FORTRAN STOP
Warning: ieee_inexact is signaling
FORTRAN STOP
Warning: ieee_divide_by_zero is signaling
Warning: ieee_inexact is signaling
FORTRAN STOP
Warning: ieee_inexact is signaling
FORTRAN STOP
Warning: ieee_inexact is signaling
FORTRAN STOP
Warning: ieee_inexact is signaling
FORTRAN STOP
Warning: ieee_inexact is signaling
FORTRAN STOP
Warning: ieee_inexact is signaling
Warning: ieee_divide_by_zero is signaling
Warning: ieee_inexact is signaling
FORTRAN STOP
FORTRAN STOP
Warning: ieee_divide_by_zero is signaling
Warning: ieee_inexact is signaling
FORTRAN STOP
Warning: ieee_inexact is signaling
FORTRAN STOP
Warning: ieee_inexact is signaling
FORTRAN STOP
Warning: ieee_inexact is signaling
FORTRAN STOP
Warning: ieee_inexact is signaling
FORTRAN STOP
Warning: ieee_inexact is signaling
FORTRAN STOP
Warning: ieee_inexact is signaling
FORTRAN STOP
Warning: ieee_divide_by_zero is signaling
Warning: ieee_inexact is signaling
FORTRAN STOP
Warning: ieee_divide_by_zero is signaling
Warning: ieee_inexact is signaling
FORTRAN STOP
Warning: ieee_inexact is signaling
FORTRAN STOP
Warning: ieee_inexact is signaling
FORTRAN STOP
Warning: ieee_inexact is signaling
FORTRAN STOP
Warning: ieee_inexact is signaling
Warning: ieee_inexact is signaling
FORTRAN STOP
Warning: ieee_divide_by_zero is signaling
Warning: ieee_inexact is signaling
FORTRAN STOP
Warning: ieee_inexact is signaling
FORTRAN STOP
FORTRAN STOP
Warning: ieee_inexact is signaling
FORTRAN STOP
Warning: ieee_inexact is signaling
FORTRAN STOP
Warning: ieee_inexact is signaling
Warning: ieee_divide_by_zero is signaling
Warning: ieee_inexact is signaling
FORTRAN STOP
FORTRAN STOP
Warning: ieee_divide_by_zero is signaling
Warning: ieee_inexact is signaling
FORTRAN STOP
Warning: ieee_inexact is signaling
FORTRAN STOP
Warning: ieee_inexact is signaling
FORTRAN STOP
Warning: ieee_inexact is signaling
FORTRAN STOP
Warning: ieee_inexact is signaling
FORTRAN STOP
Warning: ieee_inexact is signaling
FORTRAN STOP
Warning: ieee_inexact is signaling
FORTRAN STOP
Warning: ieee_divide_by_zero is signaling
Warning: ieee_inexact is signaling
FORTRAN STOP
